#
# A fatal error has been detected by the Java Runtime Environment:
#
#  EXCEPTION_ACCESS_VIOLATION (0xc0000005) at pc=0x00007ff827106997, pid=7928, tid=21968
#
# JRE version: Java(TM) SE Runtime Environment (16.0.2+7) (build 16.0.2+7-67)
# Java VM: Java HotSpot(TM) 64-Bit Server VM (16.0.2+7-67, mixed mode, sharing, tiered, compressed oops, compressed class ptrs, g1 gc, windows-amd64)
# Problematic frame:
# C  [glass.dll+0x26997]
#
# No core dump will be written. Minidumps are not enabled by default on client versions of Windows
#
# If you would like to submit a bug report, please visit:
#   https://bugreport.java.com/bugreport/crash.jsp
#

---------------  S U M M A R Y ------------

Command Line: -javaagent:C:\Program Files\JetBrains\IntelliJ IDEA Community Edition 2021.2\lib\idea_rt.jar=54795:C:\Program Files\JetBrains\IntelliJ IDEA Community Edition 2021.2\bin -Dfile.encoding=UTF-8 --module-path=C:\Users\shtri\.m2\repository\org\openjfx\javafx-graphics\16\javafx-graphics-16-win.jar;C:\Users\shtri\IdeaProjects\demo2\target\classes;C:\Users\shtri\.m2\repository\org\openjfx\javafx-fxml\16\javafx-fxml-16-win.jar;C:\Users\shtri\.m2\repository\org\openjfx\javafx-base\16\javafx-base-16-win.jar;C:\Users\shtri\.m2\repository\org\openjfx\javafx-controls\16\javafx-controls-16-win.jar -Djdk.module.main=com.example.demo2 com.example.demo2/com.example.demo2.HelloApplication

Host: Intel(R) Core(TM) i5-9300H CPU @ 2.40GHz, 8 cores, 7G,  Windows 10 , 64 bit Build 19041 (10.0.19041.1348)
Time: Wed Dec 15 01:46:42 2021  Windows 10 , 64 bit Build 19041 (10.0.19041.1348) elapsed time: 110.867158 seconds (0d 0h 1m 50s)

---------------  T H R E A D  ---------------

Current thread (0x0000019fc2c6dfd0):  VMThread "VM Thread" [stack: 0x0000005710200000,0x0000005710300000] [id=21968]

Stack: [0x0000005710200000,0x0000005710300000],  sp=0x00000057102fefd0,  free space=1019k
Native frames: (J=compiled Java code, j=interpreted, Vv=VM code, C=native code)
C  [glass.dll+0x26997]


siginfo: EXCEPTION_ACCESS_VIOLATION (0xc0000005), reading address 0x0000000000000000


Register to memory mapping:

RIP=0x00007ff827106997 glass.dll
RAX=0x0 is NULL
RBX=0x0000019fc2c78600 is a global jni handle
RCX=0x0000019fc2c6dfd0 points into unknown readable memory: 0x00007ffffb78f638 | 38 f6 78 fb ff 7f 00 00
RDX=0x00000057102fefd0 points into unknown readable memory: 0x0000000000000000 | 00 00 00 00 00 00 00 00
RSP=0x00000057102fefd0 points into unknown readable memory: 0x0000000000000000 | 00 00 00 00 00 00 00 00
RBP=0x0000019fc43db4d8 points into unknown readable memory: 0x00004ba93fb039b5 | b5 39 b0 3f a9 4b 00 00
RSI=0x0000019fc43db4b0 points into unknown readable memory: 0xa9804ba6c0b4dbb2 | b2 db b4 c0 a6 4b 80 a9
RDI=0x00004ba93fb039b5 is an unknown value
R8 =0x0000000000010002 is an unknown value
R9 =0x00004ba93fb039b5 is an unknown value
R10=0x0000000000008000 is an unknown value
R11=0x00000057102fef60 points into unknown readable memory: 0x0000019fc43db4b0 | b0 b4 3d c4 9f 01 00 00
R12=0x00007ff827104234 glass.dll
R13=0x0000019fa4d7f930 points into unknown readable memory: 0x8000000900000001 | 01 00 00 00 09 00 00 80
R14=0x00000057102ff0c8 points into unknown readable memory: 0x00000057102ff0b0 | b0 f0 2f 10 57 00 00 00
R15=0x0000019fc43db4b0 points into unknown readable memory: 0xa9804ba6c0b4dbb2 | b2 db b4 c0 a6 4b 80 a9


Registers:
RAX=0x0000000000000000, RBX=0x0000019fc2c78600, RCX=0x0000019fc2c6dfd0, RDX=0x00000057102fefd0
RSP=0x00000057102fefd0, RBP=0x0000019fc43db4d8, RSI=0x0000019fc43db4b0, RDI=0x00004ba93fb039b5
R8 =0x0000000000010002, R9 =0x00004ba93fb039b5, R10=0x0000000000008000, R11=0x00000057102fef60
R12=0x00007ff827104234, R13=0x0000019fa4d7f930, R14=0x00000057102ff0c8, R15=0x0000019fc43db4b0
RIP=0x00007ff827106997, EFLAGS=0x0000000000010202

Top of Stack: (sp=0x00000057102fefd0)
0x00000057102fefd0:   0000000000000000 0000019fc43db4b0
0x00000057102fefe0:   0000019fa4d7f930 00007ff827104234
0x00000057102feff0:   0000019fc43db4b8 00007ff86c9b42d6
0x00000057102ff000:   00004ba93fb039b5 0000019f00000000
0x00000057102ff010:   0000019fc43db4d8 0000019fc43db4b0
0x00000057102ff020:   fffffffffffffffe 0000000000000000
0x00000057102ff030:   0000000000000001 00007ff8270e0000
0x00000057102ff040:   00000057102ff0b8 00007ff86c9b41fb
0x00000057102ff050:   0000000000000000 00000057102ff0c8
0x00000057102ff060:   00000057102ff390 00007ff86ca90e40
0x00000057102ff070:   0000000000000001 00007ff86c9b41b4
0x00000057102ff080:   0000000000000000 0000000000000001
0x00000057102ff090:   0000000000000000 00000057102ff0b8
0x00000057102ff0a0:   ffffffff00000001 00007ff8271040c1
0x00000057102ff0b0:   00007ff82711a128 00007ff800000002
0x00000057102ff0c0:   0000000000000002 00000057102ff0b0 

Instructions: (pc=0x00007ff827106997)
0x00007ff827106897:   8b 4d 58 e8 d1 ce ff ff 48 8b 4d 60 e8 c8 ce ff
0x00007ff8271068a7:   ff 48 8b 95 80 00 00 00 48 8b 8d 18 01 00 00 e8
0x00007ff8271068b7:   96 c3 ff ff 33 d2 33 c9 e8 12 e1 ff ff 90 48 89
0x00007ff8271068c7:   54 24 10 55 48 83 ec 20 48 8b ea 48 b8 00 00 00
0x00007ff8271068d7:   00 00 00 00 00 48 83 c4 20 5d c3 cc 40 55 48 8b
0x00007ff8271068e7:   ea 48 8b 01 33 c9 81 38 05 00 00 c0 0f 94 c1 8b
0x00007ff8271068f7:   c1 5d c3 cc 40 55 48 83 ec 20 48 8b ea 8a 4d 40
0x00007ff827106907:   48 83 c4 20 5d e9 c7 d2 ff ff cc 40 55 48 83 ec
0x00007ff827106917:   20 48 8b ea 8a 4d 20 e8 b5 d2 ff ff 90 48 83 c4
0x00007ff827106927:   20 5d c3 cc 40 55 48 83 ec 20 48 8b ea 48 83 c4
0x00007ff827106937:   20 5d e9 16 d1 ff ff cc 40 55 48 83 ec 30 48 8b
0x00007ff827106947:   ea 48 8b 01 8b 10 48 89 4c 24 28 89 54 24 20 4c
0x00007ff827106957:   8d 0d b7 d5 ff ff 4c 8b 45 70 8b 55 68 48 8b 4d
0x00007ff827106967:   60 e8 57 d0 ff ff 90 48 83 c4 30 5d c3 cc cc cc
0x00007ff827106977:   cc cc cc cc cc cc cc cc cc 40 53 48 83 ec 20 48
0x00007ff827106987:   8b 1d 93 31 01 00 48 85 db 74 16 e8 29 8b ff ff
0x00007ff827106997:   4c 8b 00 48 8b d3 48 8b c8 41 ff 90 b0 00 00 00
0x00007ff8271069a7:   90 48 83 c4 20 5b c3 cc cc 40 53 48 83 ec 20 48
0x00007ff8271069b7:   8b 1d 0b 33 01 00 48 85 db 74 57 b8 ff ff ff ff
0x00007ff8271069c7:   f0 0f c1 43 10 83 f8 01 75 3d 48 85 db 74 38 48
0x00007ff8271069d7:   8b 0b 48 85 c9 74 0d ff 15 c4 08 00 00 48 c7 03
0x00007ff8271069e7:   00 00 00 00 48 8b 4b 08 48 85 c9 74 0d e8 77 cd
0x00007ff8271069f7:   ff ff 48 c7 43 08 00 00 00 00 ba 18 00 00 00 48
0x00007ff827106a07:   8b cb e8 62 cd ff ff 48 c7 05 af 32 01 00 00 00
0x00007ff827106a17:   00 00 48 83 c4 20 5b c3 cc 40 53 48 83 ec 20 48
0x00007ff827106a27:   8b 1d 7b 32 01 00 48 85 db 74 57 b8 ff ff ff ff
0x00007ff827106a37:   f0 0f c1 43 10 83 f8 01 75 3d 48 85 db 74 38 48
0x00007ff827106a47:   8b 0b 48 85 c9 74 0d ff 15 54 08 00 00 48 c7 03
0x00007ff827106a57:   00 00 00 00 48 8b 4b 08 48 85 c9 74 0d e8 07 cd
0x00007ff827106a67:   ff ff 48 c7 43 08 00 00 00 00 ba 18 00 00 00 48
0x00007ff827106a77:   8b cb e8 f2 cc ff ff 48 c7 05 1f 32 01 00 00 00
0x00007ff827106a87:   00 00 48 83 c4 20 5b c3 cc 40 53 48 83 ec 20 48 


Stack slot to memory mapping:
stack at sp + 0 slots: 0x0 is NULL
stack at sp + 1 slots: 0x0000019fc43db4b0 points into unknown readable memory: 0xa9804ba6c0b4dbb2 | b2 db b4 c0 a6 4b 80 a9
stack at sp + 2 slots: 0x0000019fa4d7f930 points into unknown readable memory: 0x8000000900000001 | 01 00 00 00 09 00 00 80
stack at sp + 3 slots: 0x00007ff827104234 glass.dll
stack at sp + 4 slots: 0x0000019fc43db4b8 points into unknown readable memory: 0x00004ba93fb039b5 | b5 39 b0 3f a9 4b 00 00
stack at sp + 5 slots: 0x00007ff86c9b42d6 ucrtbase.dll
stack at sp + 6 slots: 0x00004ba93fb039b5 is an unknown value
stack at sp + 7 slots: 0x0000019f00000000 is an unknown value

VM_Operation (0x000000570f9ff330): Exit, mode: safepoint, requested by thread 0x0000019fc4e37570


---------------  P R O C E S S  ---------------

Threads class SMR info:
_java_thread_list=0x0000019fd061bf80, length=21, elements={
0x0000019fa4d2bbc0, 0x0000019fc2c71c20, 0x0000019fc2c72ae0, 0x0000019fc2c85fd0,
0x0000019fc2c88ae0, 0x0000019fc2c8b4f0, 0x0000019fc2c9cf80, 0x0000019fc2c9fe80,
0x0000019fc2caacb0, 0x0000019fc38469a0, 0x0000019fc3f50990, 0x0000019fc3f50eb0,
0x0000019fc437e690, 0x0000019fc432c300, 0x0000019fc4337fd0, 0x0000019fc466a110,
0x0000019fc4786820, 0x0000019fc4e36580, 0x0000019fc4e37020, 0x0000019fc4e37ac0,
0x0000019fc4e37570
}

Java Threads: ( => current thread )
  0x0000019fa4d2bbc0 JavaThread "main" [_thread_blocked, id=10684, stack(0x000000570fc00000,0x000000570fd00000)]
  0x0000019fc2c71c20 JavaThread "Reference Handler" daemon [_thread_blocked, id=20928, stack(0x0000005710300000,0x0000005710400000)]
  0x0000019fc2c72ae0 JavaThread "Finalizer" daemon [_thread_blocked, id=12068, stack(0x0000005710400000,0x0000005710500000)]
  0x0000019fc2c85fd0 JavaThread "Attach Listener" daemon [_thread_blocked, id=16348, stack(0x0000005710600000,0x0000005710700000)]
  0x0000019fc2c88ae0 JavaThread "Service Thread" daemon [_thread_blocked, id=3944, stack(0x0000005710700000,0x0000005710800000)]
  0x0000019fc2c8b4f0 JavaThread "Monitor Deflation Thread" daemon [_thread_blocked, id=1204, stack(0x0000005710800000,0x0000005710900000)]
  0x0000019fc2c9cf80 JavaThread "C2 CompilerThread0" daemon [_thread_blocked, id=22552, stack(0x0000005710900000,0x0000005710a00000)]
  0x0000019fc2c9fe80 JavaThread "C1 CompilerThread0" daemon [_thread_blocked, id=20324, stack(0x0000005710a00000,0x0000005710b00000)]
  0x0000019fc2caacb0 JavaThread "Sweeper thread" daemon [_thread_blocked, id=8408, stack(0x0000005710b00000,0x0000005710c00000)]
  0x0000019fc38469a0 JavaThread "Common-Cleaner" daemon [_thread_blocked, id=15740, stack(0x0000005710c00000,0x0000005710d00000)]
  0x0000019fc3f50990 JavaThread "Monitor Ctrl-Break" daemon [_thread_in_native, id=456, stack(0x0000005710f00000,0x0000005711000000)]
  0x0000019fc3f50eb0 JavaThread "Notification Thread" daemon [_thread_blocked, id=14004, stack(0x0000005711000000,0x0000005711100000)]
  0x0000019fc437e690 JavaThread "QuantumRenderer-0" daemon [_thread_blocked, id=5584, stack(0x0000005711200000,0x0000005711300000)]
  0x0000019fc432c300 JavaThread "InvokeLaterDispatcher" daemon [_thread_blocked, id=11892, stack(0x0000005711400000,0x0000005711500000)]
  0x0000019fc4337fd0 JavaThread "JavaFX Application Thread" [_thread_in_native, id=16668, stack(0x0000005711500000,0x0000005711600000)]
  0x0000019fc466a110 JavaThread "JavaFX-Launcher" [_thread_blocked, id=12496, stack(0x0000005710e00000,0x0000005710f00000)]
  0x0000019fc4786820 JavaThread "Thread-2" daemon [_thread_in_native, id=15244, stack(0x0000005710d00000,0x0000005710e00000)]
  0x0000019fc4e36580 JavaThread "Prism Font Disposer" daemon [_thread_blocked, id=17496, stack(0x0000005712030000,0x0000005712130000)]
  0x0000019fc4e37020 JavaThread "Cleaner-0" daemon [_thread_blocked, id=14928, stack(0x0000005712130000,0x0000005712230000)]
  0x0000019fc4e37ac0 JavaThread "mysql-cj-abandoned-connection-cleanup" daemon [_thread_blocked, id=16688, stack(0x0000005712440000,0x0000005712540000)]
  0x0000019fc4e37570 JavaThread "SIGINT handler" daemon [_thread_blocked, id=10424, stack(0x000000570f900000,0x000000570fa00000)]

Other Threads:
=>0x0000019fc2c6dfd0 VMThread "VM Thread" [stack: 0x0000005710200000,0x0000005710300000] [id=21968]
  0x0000019fa4d6b4e0 GCTaskThread "GC Thread#0" [stack: 0x000000570fd00000,0x000000570fe00000] [id=13800]
  0x0000019fc477cef0 GCTaskThread "GC Thread#1" [stack: 0x0000005711730000,0x0000005711830000] [id=2784]
  0x0000019fc477a720 GCTaskThread "GC Thread#2" [stack: 0x0000005711830000,0x0000005711930000] [id=9072]
  0x0000019fc4777310 GCTaskThread "GC Thread#3" [stack: 0x0000005711930000,0x0000005711a30000] [id=2812]
  0x0000019fc477c8d0 GCTaskThread "GC Thread#4" [stack: 0x0000005711a30000,0x0000005711b30000] [id=18916]
  0x0000019fc47797d0 GCTaskThread "GC Thread#5" [stack: 0x0000005711b30000,0x0000005711c30000] [id=8152]
  0x0000019fc477cbe0 GCTaskThread "GC Thread#6" [stack: 0x0000005712230000,0x0000005712330000] [id=10888]
  0x0000019fc477d200 GCTaskThread "GC Thread#7" [stack: 0x0000005712330000,0x0000005712430000] [id=23232]
  0x0000019fa4d7c900 ConcurrentGCThread "G1 Main Marker" terminated
  0x0000019fa4d7d3f0 ConcurrentGCThread "G1 Conc#0" [stack: 0x000000570ff00000,0x0000005710000000] [id=1820]
  0x0000019fc4a5bf60 ConcurrentGCThread "G1 Conc#1" [stack: 0x0000005712740000,0x0000005712840000] [id=18152]
  0x0000019fa4e0b5b0 ConcurrentGCThread "G1 Refine#0" terminated
  0x0000019fa4e0d040 ConcurrentGCThread "G1 Service" terminated

Threads with active compile tasks:

VM state: at safepoint (shutting down)

VM Mutex/Monitor currently owned by a thread:  ([mutex/lock_event])
[0x0000019fa4d28130] Threads_lock - owner thread: 0x0000019fc2c6dfd0
[0x0000019fa4d26fc0] Heap_lock - owner thread: 0x0000019fc4e37570

Heap address: 0x0000000082600000, size: 2010 MB, Compressed Oops mode: 32-bit

CDS archive(s) mapped at: [0x0000000800000000-0x0000000800bb0000-0x0000000800bb0000), size 12255232, SharedBaseAddress: 0x0000000800000000, ArchiveRelocationMode: 0.
Compressed class space mapped at: 0x0000000800c00000-0x0000000840c00000, reserved size: 1073741824
Narrow klass base: 0x0000000800000000, Narrow klass shift: 3, Narrow klass range: 0x100000000

GC Precious Log:
 CPUs: 8 total, 8 available
 Memory: 8033M
 Large Page Support: Disabled
 NUMA Support: Disabled
 Compressed Oops: Enabled (32-bit)
 Heap Region Size: 1M
 Heap Min Capacity: 8M
 Heap Initial Capacity: 126M
 Heap Max Capacity: 2010M
 Pre-touch: Disabled
 Parallel Workers: 8
 Concurrent Workers: 2
 Concurrent Refinement Workers: 8
 Periodic GC: Disabled

Heap:
 garbage-first heap   total 48128K, used 32083K [0x0000000082600000, 0x0000000100000000)
  region size 1024K, 27 young (27648K), 7 survivors (7168K)
 Metaspace       used 25071K, committed 25280K, reserved 1073152K
  class space    used 3362K, committed 3456K, reserved 1048576K

Heap Regions: E=young(eden), S=young(survivor), O=old, HS=humongous(starts), HC=humongous(continues), CS=collection set, F=free, OA=open archive, CA=closed archive, TAMS=top-at-mark-start (previous, next)
|   0|0x0000000082600000, 0x0000000082700000, 0x0000000082700000|100%| O|  |TAMS 0x0000000082700000, 0x0000000082600000| Untracked 
|   1|0x0000000082700000, 0x0000000082800000, 0x0000000082800000|100%|HS|  |TAMS 0x0000000082800000, 0x0000000082700000| Complete 
|   2|0x0000000082800000, 0x0000000082900000, 0x0000000082900000|100%|HC|  |TAMS 0x0000000082900000, 0x0000000082800000| Complete 
|   3|0x0000000082900000, 0x0000000082a00000, 0x0000000082a00000|100%| O|  |TAMS 0x0000000082a00000, 0x0000000082900000| Untracked 
|   4|0x0000000082a00000, 0x0000000082b00000, 0x0000000082b00000|100%| O|  |TAMS 0x0000000082b00000, 0x0000000082a00000| Untracked 
|   5|0x0000000082b00000, 0x0000000082b65400, 0x0000000082c00000| 39%| O|  |TAMS 0x0000000082b65400, 0x0000000082b00000| Untracked 
|   6|0x0000000082c00000, 0x0000000082c00000, 0x0000000082d00000|  0%| F|  |TAMS 0x0000000082c00000, 0x0000000082c00000| Untracked 
|   7|0x0000000082d00000, 0x0000000082d00000, 0x0000000082e00000|  0%| F|  |TAMS 0x0000000082d00000, 0x0000000082d00000| Untracked 
|   8|0x0000000082e00000, 0x0000000082e00000, 0x0000000082f00000|  0%| F|  |TAMS 0x0000000082e00000, 0x0000000082e00000| Untracked 
|   9|0x0000000082f00000, 0x0000000082f00000, 0x0000000083000000|  0%| F|  |TAMS 0x0000000082f00000, 0x0000000082f00000| Untracked 
|  10|0x0000000083000000, 0x0000000083000000, 0x0000000083100000|  0%| F|  |TAMS 0x0000000083000000, 0x0000000083000000| Untracked 
|  11|0x0000000083100000, 0x0000000083100000, 0x0000000083200000|  0%| F|  |TAMS 0x0000000083100000, 0x0000000083100000| Untracked 
|  12|0x0000000083200000, 0x0000000083200000, 0x0000000083300000|  0%| F|  |TAMS 0x0000000083200000, 0x0000000083200000| Untracked 
|  13|0x0000000083300000, 0x0000000083300000, 0x0000000083400000|  0%| F|  |TAMS 0x0000000083300000, 0x0000000083300000| Untracked 
|  14|0x0000000083400000, 0x0000000083400000, 0x0000000083500000|  0%| F|  |TAMS 0x0000000083400000, 0x0000000083400000| Untracked 
|  15|0x0000000083500000, 0x0000000083500000, 0x0000000083600000|  0%| F|  |TAMS 0x0000000083500000, 0x0000000083500000| Untracked 
|  16|0x0000000083600000, 0x0000000083600000, 0x0000000083700000|  0%| F|  |TAMS 0x0000000083600000, 0x0000000083600000| Untracked 
|  17|0x0000000083700000, 0x0000000083700000, 0x0000000083800000|  0%| F|  |TAMS 0x0000000083700000, 0x0000000083700000| Untracked 
|  18|0x0000000083800000, 0x0000000083800000, 0x0000000083900000|  0%| F|  |TAMS 0x0000000083800000, 0x0000000083800000| Untracked 
|  19|0x0000000083900000, 0x0000000083900000, 0x0000000083a00000|  0%| F|  |TAMS 0x0000000083900000, 0x0000000083900000| Untracked 
|  20|0x0000000083a00000, 0x0000000083a2e9a0, 0x0000000083b00000| 18%| E|  |TAMS 0x0000000083a00000, 0x0000000083a00000| Complete 
|  21|0x0000000083b00000, 0x0000000083c00000, 0x0000000083c00000|100%| E|CS|TAMS 0x0000000083b00000, 0x0000000083b00000| Complete 
|  22|0x0000000083c00000, 0x0000000083d00000, 0x0000000083d00000|100%| E|CS|TAMS 0x0000000083c00000, 0x0000000083c00000| Complete 
|  23|0x0000000083d00000, 0x0000000083e00000, 0x0000000083e00000|100%| E|CS|TAMS 0x0000000083d00000, 0x0000000083d00000| Complete 
|  24|0x0000000083e00000, 0x0000000083f00000, 0x0000000083f00000|100%| E|CS|TAMS 0x0000000083e00000, 0x0000000083e00000| Complete 
|  25|0x0000000083f00000, 0x0000000084000000, 0x0000000084000000|100%| E|CS|TAMS 0x0000000083f00000, 0x0000000083f00000| Complete 
|  26|0x0000000084000000, 0x0000000084100000, 0x0000000084100000|100%| E|CS|TAMS 0x0000000084000000, 0x0000000084000000| Complete 
|  27|0x0000000084100000, 0x0000000084200000, 0x0000000084200000|100%| E|CS|TAMS 0x0000000084100000, 0x0000000084100000| Complete 
|  28|0x0000000084200000, 0x0000000084300000, 0x0000000084300000|100%| E|CS|TAMS 0x0000000084200000, 0x0000000084200000| Complete 
|  29|0x0000000084300000, 0x0000000084400000, 0x0000000084400000|100%| E|CS|TAMS 0x0000000084300000, 0x0000000084300000| Complete 
|  30|0x0000000084400000, 0x0000000084500000, 0x0000000084500000|100%| E|CS|TAMS 0x0000000084400000, 0x0000000084400000| Complete 
|  31|0x0000000084500000, 0x0000000084600000, 0x0000000084600000|100%| E|CS|TAMS 0x0000000084500000, 0x0000000084500000| Complete 
|  32|0x0000000084600000, 0x0000000084700000, 0x0000000084700000|100%| E|CS|TAMS 0x0000000084600000, 0x0000000084600000| Complete 
|  33|0x0000000084700000, 0x0000000084800000, 0x0000000084800000|100%| E|CS|TAMS 0x0000000084700000, 0x0000000084700000| Complete 
|  34|0x0000000084800000, 0x0000000084900000, 0x0000000084900000|100%| E|CS|TAMS 0x0000000084800000, 0x0000000084800000| Complete 
|  35|0x0000000084900000, 0x0000000084a00000, 0x0000000084a00000|100%| E|CS|TAMS 0x0000000084900000, 0x0000000084900000| Complete 
|  36|0x0000000084a00000, 0x0000000084b00000, 0x0000000084b00000|100%| E|CS|TAMS 0x0000000084a00000, 0x0000000084a00000| Complete 
|  37|0x0000000084b00000, 0x0000000084c00000, 0x0000000084c00000|100%| E|CS|TAMS 0x0000000084b00000, 0x0000000084b00000| Complete 
|  38|0x0000000084c00000, 0x0000000084d00000, 0x0000000084d00000|100%| E|CS|TAMS 0x0000000084c00000, 0x0000000084c00000| Complete 
| 103|0x0000000088d00000, 0x0000000088def808, 0x0000000088e00000| 93%| S|CS|TAMS 0x0000000088d00000, 0x0000000088d00000| Complete 
| 104|0x0000000088e00000, 0x0000000088f00000, 0x0000000088f00000|100%| S|CS|TAMS 0x0000000088e00000, 0x0000000088e00000| Complete 
| 105|0x0000000088f00000, 0x0000000089000000, 0x0000000089000000|100%| S|CS|TAMS 0x0000000088f00000, 0x0000000088f00000| Complete 
| 106|0x0000000089000000, 0x0000000089100000, 0x0000000089100000|100%| S|CS|TAMS 0x0000000089000000, 0x0000000089000000| Complete 
| 107|0x0000000089100000, 0x0000000089200000, 0x0000000089200000|100%| S|CS|TAMS 0x0000000089100000, 0x0000000089100000| Complete 
| 108|0x0000000089200000, 0x0000000089300000, 0x0000000089300000|100%| S|CS|TAMS 0x0000000089200000, 0x0000000089200000| Complete 
| 109|0x0000000089300000, 0x0000000089400000, 0x0000000089400000|100%| S|CS|TAMS 0x0000000089300000, 0x0000000089300000| Complete 
| 125|0x000000008a300000, 0x000000008a400000, 0x000000008a400000|100%| E|CS|TAMS 0x000000008a300000, 0x000000008a300000| Complete 

Card table byte_map: [0x0000019fbbbd0000,0x0000019fbbfc0000] _byte_map_base: 0x0000019fbb7bd000

Marking Bits (Prev, Next): (CMBitMap*) 0x0000019fa4d6bc10, (CMBitMap*) 0x0000019fa4d6bbd0
 Prev Bits: [0x0000019fbe320000, 0x0000019fc0288000)
 Next Bits: [0x0000019fbc3b0000, 0x0000019fbe318000)

Polling page: 0x0000019fa2bf0000

Metaspace:

Usage:
  Non-class:     21.20 MB used.
      Class:      3.28 MB used.
       Both:     24.48 MB used.

Virtual space:
  Non-class space:       24.00 MB reserved,      21.31 MB ( 89%) committed,  3 nodes.
      Class space:        1.00 GB reserved,       3.38 MB ( <1%) committed,  1 nodes.
              Both:        1.02 GB reserved,      24.69 MB (  2%) committed. 

Chunk freelists:
   Non-Class:  2.64 MB
       Class:  656.00 KB
        Both:  3.28 MB

MaxMetaspaceSize: 17179869184.00 GB
CompressedClassSpaceSize: 1.00 GB
 - commit_granule_bytes: 65536.
 - commit_granule_words: 8192.
 - virtual_space_node_default_size: 1048576.
 - enlarge_chunks_in_place: 1.
 - new_chunks_are_fully_committed: 0.
 - uncommit_free_chunks: 1.
 - use_allocation_guard: 0.
 - handle_deallocations: 1.


Internal statistics:

num_allocs_failed_limit: 3.
num_arena_births: 232.
num_arena_deaths: 0.
num_vsnodes_births: 4.
num_vsnodes_deaths: 0.
num_space_committed: 395.
num_space_uncommitted: 0.
num_chunks_returned_to_freelist: 3.
num_chunks_taken_from_freelist: 925.
num_chunk_merges: 0.
num_chunk_splits: 649.
num_chunks_enlarged: 501.
num_purges: 0.

CodeHeap 'non-profiled nmethods': size=120000Kb used=1505Kb max_used=1505Kb free=118495Kb
 bounds [0x0000019fb3f80000, 0x0000019fb41f0000, 0x0000019fbb4b0000]
CodeHeap 'profiled nmethods': size=120000Kb used=6413Kb max_used=6413Kb free=113586Kb
 bounds [0x0000019faca50000, 0x0000019fad0a0000, 0x0000019fb3f80000]
CodeHeap 'non-nmethods': size=5760Kb used=1518Kb max_used=1598Kb free=4241Kb
 bounds [0x0000019fac4b0000, 0x0000019fac720000, 0x0000019faca50000]
 total_blobs=4269 nmethods=3379 adapters=802
 compilation: enabled
              stopped_count=0, restarted_count=0
 full_count=0

Compilation events (20 events):
Event: 9.838 Thread 0x0000019fc2c9fe80 3373       3       java.util.stream.AbstractPipeline::<init> (91 bytes)
Event: 9.839 Thread 0x0000019fc2c9fe80 nmethod 3373 0x0000019fad091f90 code [0x0000019fad092180, 0x0000019fad0927f8]
Event: 9.839 Thread 0x0000019fc2c9fe80 3372       3       com.sun.glass.ui.win.WinView::getMultiClickMaxY_impl (4 bytes)
Event: 9.839 Thread 0x0000019fc2c9fe80 nmethod 3372 0x0000019fad092a10 code [0x0000019fad092ba0, 0x0000019fad092c98]
Event: 10.060 Thread 0x0000019fc2c9cf80 3374       4       java.util.EnumMap$ValueIterator::next (50 bytes)
Event: 10.063 Thread 0x0000019fc2c9cf80 nmethod 3374 0x0000019fb40f4d90 code [0x0000019fb40f4f20, 0x0000019fb40f5138]
Event: 10.117 Thread 0x0000019fc2c9fe80 3375       3       com.sun.javafx.tk.quantum.QuantumToolkit::getMultiClickMaxY (4 bytes)
Event: 10.117 Thread 0x0000019fc2c9fe80 nmethod 3375 0x0000019fad092d10 code [0x0000019fad092ee0, 0x0000019fad093198]
Event: 10.139 Thread 0x0000019fc2c9cf80 3376       4       com.sun.javafx.scene.input.InputEventUtils::recomputeCoordinates (220 bytes)
Event: 10.148 Thread 0x0000019fc2c9cf80 nmethod 3376 0x0000019fb40f5390 code [0x0000019fb40f55e0, 0x0000019fb40f5f10]
Event: 10.185 Thread 0x0000019fc2c9cf80 3377       4       com.sun.javafx.event.EventDispatchChainImpl::prepend (77 bytes)
Event: 10.189 Thread 0x0000019fc2c9cf80 nmethod 3377 0x0000019fb40f6910 code [0x0000019fb40f6ac0, 0x0000019fb40f73d8]
Event: 32.972 Thread 0x0000019fc2c9fe80 3378       3       jdk.internal.loader.BuiltinClassLoader::hasClassPath (13 bytes)
Event: 32.972 Thread 0x0000019fc2c9fe80 nmethod 3378 0x0000019fad093310 code [0x0000019fad0934a0, 0x0000019fad093618]
Event: 86.540 Thread 0x0000019fc2c9cf80 3379       4       com.sun.javafx.tk.quantum.QuantumToolkit::postPulse (133 bytes)
Event: 86.544 Thread 0x0000019fc2c9cf80 nmethod 3379 0x0000019fb40f7710 code [0x0000019fb40f78a0, 0x0000019fb40f7a38]
Event: 86.781 Thread 0x0000019fc2c9cf80 3380       4       com.sun.javafx.tk.quantum.QuantumToolkit$$Lambda$81/0x0000000800c38220::run (8 bytes)
Event: 86.782 Thread 0x0000019fc2c9cf80 nmethod 3380 0x0000019fb40f7c10 code [0x0000019fb40f7da0, 0x0000019fb40f7f38]
Event: 110.342 Thread 0x0000019fc2c9fe80 3381       1       java.util.logging.LogManager$LoggerContext::getOwner (5 bytes)
Event: 110.342 Thread 0x0000019fc2c9fe80 nmethod 3381 0x0000019fb40f8110 code [0x0000019fb40f82a0, 0x0000019fb40f8378]

GC Heap History (6 events):
Event: 0.837 GC heap before
{Heap before GC invocations=0 (full 0):
 garbage-first heap   total 129024K, used 22528K [0x0000000082600000, 0x0000000100000000)
  region size 1024K, 23 young (23552K), 0 survivors (0K)
 Metaspace       used 6168K, committed 6400K, reserved 1056768K
  class space    used 736K, committed 832K, reserved 1048576K
}
Event: 0.839 GC heap after
{Heap after GC invocations=1 (full 0):
 garbage-first heap   total 129024K, used 3395K [0x0000000082600000, 0x0000000100000000)
  region size 1024K, 3 young (3072K), 3 survivors (3072K)
 Metaspace       used 6168K, committed 6400K, reserved 1056768K
  class space    used 736K, committed 832K, reserved 1048576K
}
Event: 1.525 GC heap before
{Heap before GC invocations=1 (full 0):
 garbage-first heap   total 129024K, used 38211K [0x0000000082600000, 0x0000000100000000)
  region size 1024K, 35 young (35840K), 3 survivors (3072K)
 Metaspace       used 14415K, committed 14656K, reserved 1064960K
  class space    used 2081K, committed 2176K, reserved 1048576K
}
Event: 1.541 GC heap after
{Heap after GC invocations=2 (full 0):
 garbage-first heap   total 129024K, used 9902K [0x0000000082600000, 0x0000000100000000)
  region size 1024K, 5 young (5120K), 5 survivors (5120K)
 Metaspace       used 14415K, committed 14656K, reserved 1064960K
  class space    used 2081K, committed 2176K, reserved 1048576K
}
Event: 3.242 GC heap before
{Heap before GC invocations=2 (full 0):
 garbage-first heap   total 129024K, used 25262K [0x0000000082600000, 0x0000000100000000)
  region size 1024K, 21 young (21504K), 5 survivors (5120K)
 Metaspace       used 21012K, committed 21248K, reserved 1073152K
  class space    used 2791K, committed 2944K, reserved 1048576K
}
Event: 3.247 GC heap after
{Heap after GC invocations=3 (full 0):
 garbage-first heap   total 129024K, used 12627K [0x0000000082600000, 0x0000000100000000)
  region size 1024K, 7 young (7168K), 7 survivors (7168K)
 Metaspace       used 21012K, committed 21248K, reserved 1073152K
  class space    used 2791K, committed 2944K, reserved 1048576K
}

Deoptimization events (20 events):
Event: 4.060 Thread 0x0000019fc4337fd0 DEOPT PACKING pc=0x0000019fb407b69c sp=0x00000057115f9530
Event: 4.060 Thread 0x0000019fc4337fd0 DEOPT UNPACKING pc=0x0000019fac4fd72e sp=0x00000057115f9488 mode 2
Event: 4.061 Thread 0x0000019fc4337fd0 DEOPT PACKING pc=0x0000019faceb9a5e sp=0x00000057115f92b0
Event: 4.061 Thread 0x0000019fc4337fd0 DEOPT UNPACKING pc=0x0000019fac4fdece sp=0x00000057115f86e0 mode 0
Event: 4.067 Thread 0x0000019fc4337fd0 DEOPT PACKING pc=0x0000019faceb9a5e sp=0x00000057115f90d0
Event: 4.067 Thread 0x0000019fc4337fd0 DEOPT UNPACKING pc=0x0000019fac4fdece sp=0x00000057115f8500 mode 0
Event: 4.072 Thread 0x0000019fc4337fd0 Uncommon trap: trap_request=0xffffff45 fr.pc=0x0000019fb3f9d13c relative=0x000000000000009c
Event: 4.072 Thread 0x0000019fc4337fd0 Uncommon trap: reason=unstable_if action=reinterpret pc=0x0000019fb3f9d13c method=java.util.HashMap.hash(Ljava/lang/Object;)I @ 1 c2
Event: 4.072 Thread 0x0000019fc4337fd0 DEOPT PACKING pc=0x0000019fb3f9d13c sp=0x00000057115f9f60
Event: 4.072 Thread 0x0000019fc4337fd0 DEOPT UNPACKING pc=0x0000019fac4fd72e sp=0x00000057115f9ef8 mode 2
Event: 4.172 Thread 0x0000019fc4337fd0 Uncommon trap: trap_request=0xffffff45 fr.pc=0x0000019fb40c60f8 relative=0x0000000000000ab8
Event: 4.172 Thread 0x0000019fc4337fd0 Uncommon trap: reason=unstable_if action=reinterpret pc=0x0000019fb40c60f8 method=javafx.scene.CssStyleHelper.getStyle(Ljavafx/css/Styleable;Ljava/lang/String;Lcom/sun/javafx/css/StyleMap;Ljava/util/Set;)Lcom/sun/javafx/css/CascadingStyle; @ 8 c2
Event: 4.172 Thread 0x0000019fc4337fd0 DEOPT PACKING pc=0x0000019fb40c60f8 sp=0x00000057115f9df0
Event: 4.172 Thread 0x0000019fc4337fd0 DEOPT UNPACKING pc=0x0000019fac4fd72e sp=0x00000057115f9d88 mode 2
Event: 4.184 Thread 0x0000019fc4337fd0 Uncommon trap: trap_request=0xffffff45 fr.pc=0x0000019fb40c9200 relative=0x0000000000000520
Event: 4.184 Thread 0x0000019fc4337fd0 Uncommon trap: reason=unstable_if action=reinterpret pc=0x0000019fb40c9200 method=com.sun.javafx.css.BitSet.add(Ljava/lang/Object;)Z @ 91 c2
Event: 4.184 Thread 0x0000019fc4337fd0 DEOPT PACKING pc=0x0000019fb40c9200 sp=0x00000057115f9ac0
Event: 4.185 Thread 0x0000019fc4337fd0 DEOPT UNPACKING pc=0x0000019fac4fd72e sp=0x00000057115f9a70 mode 2
Event: 4.323 Thread 0x0000019fc437e690 DEOPT PACKING pc=0x0000019facd265c2 sp=0x00000057112fccf0
Event: 4.323 Thread 0x0000019fc437e690 DEOPT UNPACKING pc=0x0000019fac4fdece sp=0x00000057112fc180 mode 0

Classes unloaded (0 events):
No events

Classes redefined (0 events):
No events

Internal exceptions (20 events):
Event: 1.836 Thread 0x0000019fc4337fd0 Exception <a 'java/lang/NoSuchMethodError'{0x000000008a2cbb50}: 'java.lang.Object java.lang.invoke.DirectMethodHandle$Holder.newInvokeSpecial(java.lang.Object, java.lang.Object, int, int, int, int, int, java.lang.Object)'> (0x000000008a2cbb50) 
thrown [t:\workspace\open\src\hotspot\share\interpreter\linkResolver.cpp, line 790]
Event: 1.836 Thread 0x0000019fc4337fd0 Exception <a 'java/lang/NoSuchMethodError'{0x000000008a2df510}: 'java.lang.Object java.lang.invoke.DirectMethodHandle$Holder.newInvokeSpecial(java.lang.Object, java.lang.Object, java.lang.Object, int, int, int, int, int)'> (0x000000008a2df510) 
thrown [t:\workspace\open\src\hotspot\share\interpreter\linkResolver.cpp, line 790]
Event: 1.837 Thread 0x0000019fc4337fd0 Exception <a 'java/lang/NoSuchMethodError'{0x000000008a2e7080}: 'java.lang.Object java.lang.invoke.Invokers$Holder.linkToTargetMethod(java.lang.Object, java.lang.Object, int, int, int, int, int, java.lang.Object)'> (0x000000008a2e7080) 
thrown [t:\workspace\open\src\hotspot\share\interpreter\linkResolver.cpp, line 790]
Event: 2.962 Thread 0x0000019fc4337fd0 Exception <a 'sun/nio/fs/WindowsException'{0x000000008a09cd90}> (0x000000008a09cd90) 
thrown [t:\workspace\open\src\hotspot\share\prims\jni.cpp, line 579]
Event: 2.981 Thread 0x0000019fc4337fd0 Exception <a 'java/lang/NoSuchMethodError'{0x0000000089fa6d58}: 'java.lang.Object java.lang.invoke.DirectMethodHandle$Holder.invokeInterface(java.lang.Object, java.lang.Object)'> (0x0000000089fa6d58) 
thrown [t:\workspace\open\src\hotspot\share\interpreter\linkResolver.cpp, line 790]
Event: 2.982 Thread 0x0000019fc4337fd0 Exception <a 'sun/nio/fs/WindowsException'{0x0000000089faf638}> (0x0000000089faf638) 
thrown [t:\workspace\open\src\hotspot\share\prims\jni.cpp, line 579]
Event: 2.982 Thread 0x0000019fc4337fd0 Exception <a 'sun/nio/fs/WindowsException'{0x0000000089fb4ae8}> (0x0000000089fb4ae8) 
thrown [t:\workspace\open\src\hotspot\share\prims\jni.cpp, line 579]
Event: 2.990 Thread 0x0000019fc4337fd0 Exception <a 'sun/nio/fs/WindowsException'{0x0000000089e13640}> (0x0000000089e13640) 
thrown [t:\workspace\open\src\hotspot\share\prims\jni.cpp, line 579]
Event: 2.990 Thread 0x0000019fc4337fd0 Exception <a 'sun/nio/fs/WindowsException'{0x0000000089e18f90}> (0x0000000089e18f90) 
thrown [t:\workspace\open\src\hotspot\share\prims\jni.cpp, line 579]
Event: 2.993 Thread 0x0000019fc4337fd0 Exception <a 'java/lang/NoSuchMethodError'{0x0000000089e29cc8}: 'java.lang.Object java.lang.invoke.DirectMethodHandle$Holder.invokeVirtual(java.lang.Object, java.lang.Object, java.lang.Object)'> (0x0000000089e29cc8) 
thrown [t:\workspace\open\src\hotspot\share\interpreter\linkResolver.cpp, line 790]
Event: 3.083 Thread 0x0000019fc4337fd0 Exception <a 'sun/nio/fs/WindowsException'{0x0000000089984678}> (0x0000000089984678) 
thrown [t:\workspace\open\src\hotspot\share\prims\jni.cpp, line 579]
Event: 3.120 Thread 0x0000019fc4337fd0 Exception <a 'sun/nio/fs/WindowsException'{0x0000000089897aa0}> (0x0000000089897aa0) 
thrown [t:\workspace\open\src\hotspot\share\prims\jni.cpp, line 579]
Event: 3.124 Thread 0x0000019fc4337fd0 Exception <a 'sun/nio/fs/WindowsException'{0x00000000898ae240}> (0x00000000898ae240) 
thrown [t:\workspace\open\src\hotspot\share\prims\jni.cpp, line 579]
Event: 3.129 Thread 0x0000019fc4337fd0 Exception <a 'java/lang/NoSuchMethodError'{0x00000000898bd2d8}: 'int java.lang.invoke.DirectMethodHandle$Holder.invokeStatic(java.lang.Object, java.lang.Object, java.lang.Object, java.lang.Object)'> (0x00000000898bd2d8) 
thrown [t:\workspace\open\src\hotspot\share\interpreter\linkResolver.cpp, line 790]
Event: 3.129 Thread 0x0000019fc4337fd0 Exception <a 'java/lang/NoSuchMethodError'{0x00000000898c1208}: 'int java.lang.invoke.DirectMethodHandle$Holder.invokeStaticInit(java.lang.Object, java.lang.Object, java.lang.Object, java.lang.Object)'> (0x00000000898c1208) 
thrown [t:\workspace\open\src\hotspot\share\interpreter\linkResolver.cpp, line 790]
Event: 3.130 Thread 0x0000019fc4337fd0 Exception <a 'java/lang/IncompatibleClassChangeError'{0x00000000898cae48}: Found class java.lang.Object, but interface was expected> (0x00000000898cae48) 
thrown [t:\workspace\open\src\hotspot\share\interpreter\linkResolver.cpp, line 857]
Event: 3.159 Thread 0x0000019fc4337fd0 Exception <a 'java/lang/NoSuchMethodError'{0x00000000896d23f0}: 'java.lang.Object java.lang.invoke.DirectMethodHandle$Holder.invokeStaticInit(java.lang.Object, int, int, int, int)'> (0x00000000896d23f0) 
thrown [t:\workspace\open\src\hotspot\share\interpreter\linkResolver.cpp, line 790]
Event: 3.181 Thread 0x0000019fc4337fd0 Exception <a 'java/lang/NoSuchMethodError'{0x0000000089521068}: 'java.lang.Object java.lang.invoke.DirectMethodHandle$Holder.invokeStaticInit(java.lang.Object, java.lang.Object, int, int, int, int)'> (0x0000000089521068) 
thrown [t:\workspace\open\src\hotspot\share\interpreter\linkResolver.cpp, line 790]
Event: 4.072 Thread 0x0000019fc4337fd0 Implicit null exception at 0x0000019fb3f9d0af to 0x0000019fb3f9d12d
Event: 4.286 Thread 0x0000019fc437e690 Exception <a 'java/lang/NoSuchMethodError'{0x00000000848aee80}: 'java.lang.Object java.lang.invoke.DirectMethodHandle$Holder.invokeStaticInit(java.lang.Object, int)'> (0x00000000848aee80) 
thrown [t:\workspace\open\src\hotspot\share\interpreter\linkResolver.cpp, line 790]

Events (20 events):
Event: 4.694 Thread 0x0000019fc4e72600 Thread exited: 0x0000019fc4e72600
Event: 5.168 Executing  VM operation: Cleanup
Event: 5.168 Executing  VM operation: Cleanup done
Event: 6.169 Executing  VM operation: Cleanup
Event: 6.169 Executing  VM operation: Cleanup done
Event: 7.169 Executing  VM operation: Cleanup
Event: 7.170 Executing  VM operation: Cleanup done
Event: 9.171 Executing  VM operation: Cleanup
Event: 9.171 Executing  VM operation: Cleanup done
Event: 11.172 Executing  VM operation: Cleanup
Event: 11.172 Executing  VM operation: Cleanup done
Event: 110.341 loading class jdk/internal/misc/Signal$1
Event: 110.341 loading class jdk/internal/misc/Signal$1 done
Event: 110.341 Thread 0x0000019fc4e37570 Thread added: 0x0000019fc4e37570
Event: 110.342 Thread 0x0000019fc4e35ae0 Thread added: 0x0000019fc4e35ae0
Event: 110.342 Thread 0x0000019fc4e38010 Thread added: 0x0000019fc4e38010
Event: 110.342 Thread 0x0000019fc4e35ae0 Thread exited: 0x0000019fc4e35ae0
Event: 110.343 Thread 0x0000019fc4e38010 Thread exited: 0x0000019fc4e38010
Event: 110.343 Executing  VM operation: Exit
Event: 110.343 Thread 0x0000019fc2c853d0 Thread exited: 0x0000019fc2c853d0


Dynamic libraries:
0x00007ff6dbec0000 - 0x00007ff6dbed0000 	C:\Program Files\Java\jdk-16.0.2\bin\java.exe
0x00007ff86efb0000 - 0x00007ff86f1a5000 	C:\WINDOWS\SYSTEM32\ntdll.dll
0x00007ff86d0c0000 - 0x00007ff86d17e000 	C:\WINDOWS\System32\KERNEL32.DLL
0x00007ff86cb20000 - 0x00007ff86cde8000 	C:\WINDOWS\System32\KERNELBASE.dll
0x00007ff86c9a0000 - 0x00007ff86caa0000 	C:\WINDOWS\System32\ucrtbase.dll
0x00007ff866e90000 - 0x00007ff866ea9000 	C:\Program Files\Java\jdk-16.0.2\bin\VCRUNTIME140.dll
0x00007ff867e10000 - 0x00007ff867e28000 	C:\Program Files\Java\jdk-16.0.2\bin\jli.dll
0x00007ff86da10000 - 0x00007ff86dabc000 	C:\WINDOWS\System32\ADVAPI32.dll
0x00007ff86e230000 - 0x00007ff86e2ce000 	C:\WINDOWS\System32\msvcrt.dll
0x00007ff86e8a0000 - 0x00007ff86e93b000 	C:\WINDOWS\System32\sechost.dll
0x00007ff86e560000 - 0x00007ff86e68a000 	C:\WINDOWS\System32\RPCRT4.dll
0x00007ff86e690000 - 0x00007ff86e831000 	C:\WINDOWS\System32\USER32.dll
0x00007ff84d1a0000 - 0x00007ff84d43a000 	C:\WINDOWS\WinSxS\amd64_microsoft.windows.common-controls_6595b64144ccf1df_6.0.19041.1110_none_60b5254171f9507e\COMCTL32.dll
0x00007ff86c760000 - 0x00007ff86c782000 	C:\WINDOWS\System32\win32u.dll
0x00007ff86ef40000 - 0x00007ff86ef6b000 	C:\WINDOWS\System32\GDI32.dll
0x00007ff86cdf0000 - 0x00007ff86cefb000 	C:\WINDOWS\System32\gdi32full.dll
0x00007ff86cf60000 - 0x00007ff86cffd000 	C:\WINDOWS\System32\msvcp_win.dll
0x00007ff865210000 - 0x00007ff86521a000 	C:\WINDOWS\SYSTEM32\VERSION.dll
0x00007ff86dac0000 - 0x00007ff86daf0000 	C:\WINDOWS\System32\IMM32.DLL
0x00007ff866e80000 - 0x00007ff866e8c000 	C:\Program Files\Java\jdk-16.0.2\bin\vcruntime140_1.dll
0x00007ff82e2e0000 - 0x00007ff82e371000 	C:\Program Files\Java\jdk-16.0.2\bin\msvcp140.dll
0x00007ffffae20000 - 0x00007ffffb9cb000 	C:\Program Files\Java\jdk-16.0.2\bin\server\jvm.dll
0x00007ff86ea30000 - 0x00007ff86ea38000 	C:\WINDOWS\System32\PSAPI.DLL
0x00007ff83e2e0000 - 0x00007ff83e2e9000 	C:\WINDOWS\SYSTEM32\WSOCK32.dll
0x00007ff85e960000 - 0x00007ff85e987000 	C:\WINDOWS\SYSTEM32\WINMM.dll
0x00007ff86e490000 - 0x00007ff86e4fb000 	C:\WINDOWS\System32\WS2_32.dll
0x00007ff86af50000 - 0x00007ff86af62000 	C:\WINDOWS\SYSTEM32\kernel.appcore.dll
0x00007ff864ae0000 - 0x00007ff864aea000 	C:\Program Files\Java\jdk-16.0.2\bin\jimage.dll
0x00007ff86a360000 - 0x00007ff86a544000 	C:\WINDOWS\SYSTEM32\DBGHELP.DLL
0x00007ff84bbe0000 - 0x00007ff84bc0c000 	C:\WINDOWS\SYSTEM32\dbgcore.DLL
0x00007ff86c6d0000 - 0x00007ff86c753000 	C:\WINDOWS\System32\bcryptPrimitives.dll
0x00007ff85eec0000 - 0x00007ff85eece000 	C:\Program Files\Java\jdk-16.0.2\bin\instrument.dll
0x00007ff83a850000 - 0x00007ff83a875000 	C:\Program Files\Java\jdk-16.0.2\bin\java.dll
0x00007ff86daf0000 - 0x00007ff86e22f000 	C:\WINDOWS\System32\SHELL32.dll
0x00007ff86a7b0000 - 0x00007ff86af40000 	C:\WINDOWS\SYSTEM32\windows.storage.dll
0x00007ff86d4b0000 - 0x00007ff86d805000 	C:\WINDOWS\System32\combase.dll
0x00007ff86c120000 - 0x00007ff86c14e000 	C:\WINDOWS\SYSTEM32\Wldp.dll
0x00007ff86e2d0000 - 0x00007ff86e37d000 	C:\WINDOWS\System32\SHCORE.dll
0x00007ff86e9d0000 - 0x00007ff86ea25000 	C:\WINDOWS\System32\shlwapi.dll
0x00007ff86c610000 - 0x00007ff86c62f000 	C:\WINDOWS\SYSTEM32\profapi.dll
0x00007ff85eea0000 - 0x00007ff85eeb9000 	C:\Program Files\Java\jdk-16.0.2\bin\net.dll
0x00007ff862050000 - 0x00007ff86215c000 	C:\WINDOWS\SYSTEM32\WINHTTP.dll
0x00007ff86be80000 - 0x00007ff86beea000 	C:\WINDOWS\system32\mswsock.dll
0x00007ff849090000 - 0x00007ff8490a3000 	C:\Program Files\Java\jdk-16.0.2\bin\nio.dll
0x00007ff83b070000 - 0x00007ff83b088000 	C:\Program Files\Java\jdk-16.0.2\bin\zip.dll
0x00007ff8391e0000 - 0x00007ff8391fa000 	C:\Program Files\JetBrains\IntelliJ IDEA Community Edition 2021.2\bin\breakgen64.dll
0x0000019fa2ed0000 - 0x0000019fa2ed3000 	C:\Users\shtri\.openjfx\cache\16\api-ms-win-core-console-l1-1-0.dll
0x0000019fa2ee0000 - 0x0000019fa2ee3000 	C:\Users\shtri\.openjfx\cache\16\api-ms-win-core-console-l1-2-0.dll
0x0000019fa4cd0000 - 0x0000019fa4cd3000 	C:\Users\shtri\.openjfx\cache\16\api-ms-win-core-datetime-l1-1-0.dll
0x0000019fa4ce0000 - 0x0000019fa4ce3000 	C:\Users\shtri\.openjfx\cache\16\api-ms-win-core-debug-l1-1-0.dll
0x0000019fa4cf0000 - 0x0000019fa4cf3000 	C:\Users\shtri\.openjfx\cache\16\api-ms-win-core-errorhandling-l1-1-0.dll
0x0000019fa4d00000 - 0x0000019fa4d04000 	C:\Users\shtri\.openjfx\cache\16\api-ms-win-core-file-l1-1-0.dll
0x0000019fc2e30000 - 0x0000019fc2e33000 	C:\Users\shtri\.openjfx\cache\16\api-ms-win-core-file-l1-2-0.dll
0x0000019fc2e40000 - 0x0000019fc2e43000 	C:\Users\shtri\.openjfx\cache\16\api-ms-win-core-file-l2-1-0.dll
0x0000019fc2e50000 - 0x0000019fc2e53000 	C:\Users\shtri\.openjfx\cache\16\api-ms-win-core-handle-l1-1-0.dll
0x0000019fc2e60000 - 0x0000019fc2e63000 	C:\Users\shtri\.openjfx\cache\16\api-ms-win-core-heap-l1-1-0.dll
0x0000019fc2e70000 - 0x0000019fc2e73000 	C:\Users\shtri\.openjfx\cache\16\api-ms-win-core-interlocked-l1-1-0.dll
0x0000019fc2e80000 - 0x0000019fc2e83000 	C:\Users\shtri\.openjfx\cache\16\api-ms-win-core-libraryloader-l1-1-0.dll
0x0000019fc2e90000 - 0x0000019fc2e93000 	C:\Users\shtri\.openjfx\cache\16\api-ms-win-core-localization-l1-2-0.dll
0x0000019fc2ea0000 - 0x0000019fc2ea3000 	C:\Users\shtri\.openjfx\cache\16\api-ms-win-core-memory-l1-1-0.dll
0x0000019fc2eb0000 - 0x0000019fc2eb3000 	C:\Users\shtri\.openjfx\cache\16\api-ms-win-core-namedpipe-l1-1-0.dll
0x0000019fc2ec0000 - 0x0000019fc2ec3000 	C:\Users\shtri\.openjfx\cache\16\api-ms-win-core-processenvironment-l1-1-0.dll
0x0000019fc2ed0000 - 0x0000019fc2ed3000 	C:\Users\shtri\.openjfx\cache\16\api-ms-win-core-processthreads-l1-1-0.dll
0x0000019fc2ee0000 - 0x0000019fc2ee3000 	C:\Users\shtri\.openjfx\cache\16\api-ms-win-core-processthreads-l1-1-1.dll
0x0000019fc2ef0000 - 0x0000019fc2ef3000 	C:\Users\shtri\.openjfx\cache\16\api-ms-win-core-profile-l1-1-0.dll
0x0000019fc2f00000 - 0x0000019fc2f03000 	C:\Users\shtri\.openjfx\cache\16\api-ms-win-core-rtlsupport-l1-1-0.dll
0x0000019fc2f10000 - 0x0000019fc2f13000 	C:\Users\shtri\.openjfx\cache\16\api-ms-win-core-string-l1-1-0.dll
0x0000019fc2f20000 - 0x0000019fc2f23000 	C:\Users\shtri\.openjfx\cache\16\api-ms-win-core-synch-l1-1-0.dll
0x0000019fc2f30000 - 0x0000019fc2f33000 	C:\Users\shtri\.openjfx\cache\16\api-ms-win-core-synch-l1-2-0.dll
0x0000019fc2f40000 - 0x0000019fc2f43000 	C:\Users\shtri\.openjfx\cache\16\api-ms-win-core-sysinfo-l1-1-0.dll
0x0000019fc2f50000 - 0x0000019fc2f53000 	C:\Users\shtri\.openjfx\cache\16\api-ms-win-core-timezone-l1-1-0.dll
0x0000019fc2f60000 - 0x0000019fc2f63000 	C:\Users\shtri\.openjfx\cache\16\api-ms-win-core-util-l1-1-0.dll
0x0000019fc2f70000 - 0x0000019fc2f73000 	C:\Users\shtri\.openjfx\cache\16\api-ms-win-crt-conio-l1-1-0.dll
0x0000019fc2f80000 - 0x0000019fc2f84000 	C:\Users\shtri\.openjfx\cache\16\api-ms-win-crt-convert-l1-1-0.dll
0x0000019fc2f90000 - 0x0000019fc2f93000 	C:\Users\shtri\.openjfx\cache\16\api-ms-win-crt-environment-l1-1-0.dll
0x0000019fc2fa0000 - 0x0000019fc2fa3000 	C:\Users\shtri\.openjfx\cache\16\api-ms-win-crt-filesystem-l1-1-0.dll
0x0000019fc2fb0000 - 0x0000019fc2fb3000 	C:\Users\shtri\.openjfx\cache\16\api-ms-win-crt-heap-l1-1-0.dll
0x0000019fc2fc0000 - 0x0000019fc2fc3000 	C:\Users\shtri\.openjfx\cache\16\api-ms-win-crt-locale-l1-1-0.dll
0x0000019fc2fd0000 - 0x0000019fc2fd5000 	C:\Users\shtri\.openjfx\cache\16\api-ms-win-crt-math-l1-1-0.dll
0x0000019fc2fe0000 - 0x0000019fc2fe5000 	C:\Users\shtri\.openjfx\cache\16\api-ms-win-crt-multibyte-l1-1-0.dll
0x0000019fc2ff0000 - 0x0000019fc3000000 	C:\Users\shtri\.openjfx\cache\16\api-ms-win-crt-private-l1-1-0.dll
0x0000019fc53d0000 - 0x0000019fc53d3000 	C:\Users\shtri\.openjfx\cache\16\api-ms-win-crt-process-l1-1-0.dll
0x0000019fc53e0000 - 0x0000019fc53e4000 	C:\Users\shtri\.openjfx\cache\16\api-ms-win-crt-runtime-l1-1-0.dll
0x0000019fc53f0000 - 0x0000019fc53f4000 	C:\Users\shtri\.openjfx\cache\16\api-ms-win-crt-stdio-l1-1-0.dll
0x0000019fc5400000 - 0x0000019fc5404000 	C:\Users\shtri\.openjfx\cache\16\api-ms-win-crt-string-l1-1-0.dll
0x0000019fc5410000 - 0x0000019fc5413000 	C:\Users\shtri\.openjfx\cache\16\api-ms-win-crt-time-l1-1-0.dll
0x0000019fc5420000 - 0x0000019fc5423000 	C:\Users\shtri\.openjfx\cache\16\api-ms-win-crt-utility-l1-1-0.dll
0x00007ff8076b0000 - 0x00007ff8077ac000 	C:\Users\shtri\.openjfx\cache\16\ucrtbase.dll
0x00007ff82e1b0000 - 0x00007ff82e1c9000 	C:\Users\shtri\.openjfx\cache\16\vcruntime140.dll
0x00007ff84bdc0000 - 0x00007ff84bdcc000 	C:\Users\shtri\.openjfx\cache\16\vcruntime140_1.dll
0x00007ff80a8d0000 - 0x00007ff80a961000 	C:\Users\shtri\.openjfx\cache\16\msvcp140.dll
0x00007ff827c50000 - 0x00007ff827c77000 	C:\Users\shtri\.openjfx\cache\16\prism_d3d.dll
0x00007ff85af70000 - 0x00007ff85b13e000 	C:\WINDOWS\system32\d3d9.dll
0x00007ff86a050000 - 0x00007ff86a07f000 	C:\WINDOWS\SYSTEM32\dwmapi.dll
0x00007ff869d50000 - 0x00007ff869dee000 	C:\WINDOWS\system32\uxtheme.dll
0x00007ff86c2b0000 - 0x00007ff86c2c2000 	C:\WINDOWS\SYSTEM32\msasn1.dll
0x00007ff860220000 - 0x00007ff860251000 	C:\WINDOWS\SYSTEM32\cryptnet.dll
0x00007ff86c840000 - 0x00007ff86c996000 	C:\WINDOWS\System32\CRYPT32.dll
0x00007ff86c070000 - 0x00007ff86c07c000 	C:\WINDOWS\SYSTEM32\cryptbase.dll
0x00007ff86cf00000 - 0x00007ff86cf60000 	C:\WINDOWS\System32\WINTRUST.DLL
0x00007ff86e390000 - 0x00007ff86e3ad000 	C:\WINDOWS\System32\imagehlp.dll
0x00007ff86c080000 - 0x00007ff86c098000 	C:\WINDOWS\SYSTEM32\CRYPTSP.dll
0x00007ff86b790000 - 0x00007ff86b7c4000 	C:\WINDOWS\system32\rsaenh.dll
0x00007ff86caa0000 - 0x00007ff86cac7000 	C:\WINDOWS\System32\bcrypt.dll
0x00007ff86d810000 - 0x00007ff86d93a000 	C:\WINDOWS\System32\ole32.dll
0x00007ff86d940000 - 0x00007ff86da0d000 	C:\WINDOWS\System32\OLEAUT32.dll
0x00007ff86cad0000 - 0x00007ff86cb1e000 	C:\WINDOWS\System32\cfgmgr32.dll
0x00007ff8270e0000 - 0x00007ff827122000 	C:\Users\shtri\.openjfx\cache\16\glass.dll
0x00007ff86e3b0000 - 0x00007ff86e48a000 	C:\WINDOWS\System32\COMDLG32.dll
0x00007ff86d390000 - 0x00007ff86d4a5000 	C:\WINDOWS\System32\MSCTF.dll
0x00007ff81c170000 - 0x00007ff81c433000 	C:\WINDOWS\system32\nvspcap64.dll
0x00007ff86b3c0000 - 0x00007ff86b3f3000 	C:\WINDOWS\SYSTEM32\ntmarta.dll
0x00007ff86af70000 - 0x00007ff86af93000 	C:\WINDOWS\SYSTEM32\gpapi.dll
0x00007ff860300000 - 0x00007ff86033b000 	C:\WINDOWS\SYSTEM32\dxcore.dll
0x00007ff82a8a0000 - 0x00007ff82a8b4000 	C:\Users\shtri\.openjfx\cache\16\javafx_font.dll
0x00007ff84e340000 - 0x00007ff84e5c3000 	C:\WINDOWS\SYSTEM32\dwrite.dll
0x00007ff86d000000 - 0x00007ff86d0a9000 	C:\WINDOWS\System32\clbcatq.dll
0x00007ff865a60000 - 0x00007ff865c14000 	C:\WINDOWS\SYSTEM32\WindowsCodecs.dll
0x00007ff830140000 - 0x00007ff83017e000 	C:\WINDOWS\system32\dataexchange.dll
0x00007ff868750000 - 0x00007ff8689b4000 	C:\WINDOWS\system32\d3d11.dll
0x00007ff868f80000 - 0x00007ff869165000 	C:\WINDOWS\system32\dcomp.dll
0x00007ff86afc0000 - 0x00007ff86b0b4000 	C:\WINDOWS\system32\dxgi.dll
0x00007ff865e40000 - 0x00007ff866041000 	C:\WINDOWS\system32\twinapi.appcore.dll
0x00007ff82c5f0000 - 0x00007ff82c624000 	C:\Program Files\Common Files\Microsoft Shared\Ink\rtscom.dll
0x00007ff85aa10000 - 0x00007ff85ab09000 	C:\WINDOWS\SYSTEM32\textinputframework.dll
0x00007ff8694f0000 - 0x00007ff86984e000 	C:\WINDOWS\System32\CoreUIComponents.dll
0x00007ff869850000 - 0x00007ff869942000 	C:\WINDOWS\System32\CoreMessaging.dll
0x00007ff868050000 - 0x00007ff8681a4000 	C:\WINDOWS\SYSTEM32\wintypes.dll

dbghelp: loaded successfully - version: 4.0.5 - missing functions: none
symbol engine: initialized successfully - sym options: 0x614 - pdb path: .;C:\Program Files\Java\jdk-16.0.2\bin;C:\WINDOWS\SYSTEM32;C:\WINDOWS\WinSxS\amd64_microsoft.windows.common-controls_6595b64144ccf1df_6.0.19041.1110_none_60b5254171f9507e;C:\Program Files\Java\jdk-16.0.2\bin\server;C:\Program Files\JetBrains\IntelliJ IDEA Community Edition 2021.2\bin;C:\Users\shtri\.openjfx\cache\16;C:\WINDOWS\System32\DriverStore\FileRepository\nvhmi.inf_amd64_2afc30ff4d07664b;C:\WINDOWS\System32\DriverStore\FileRepository\iigd_dch.inf_amd64_d60a3faa7932ec00;C:\Program Files\Common Files\Microsoft Shared\Ink

VM Arguments:
jvm_args: -javaagent:C:\Program Files\JetBrains\IntelliJ IDEA Community Edition 2021.2\lib\idea_rt.jar=54795:C:\Program Files\JetBrains\IntelliJ IDEA Community Edition 2021.2\bin -Dfile.encoding=UTF-8 --module-path=C:\Users\shtri\.m2\repository\org\openjfx\javafx-graphics\16\javafx-graphics-16-win.jar;C:\Users\shtri\IdeaProjects\demo2\target\classes;C:\Users\shtri\.m2\repository\org\openjfx\javafx-fxml\16\javafx-fxml-16-win.jar;C:\Users\shtri\.m2\repository\org\openjfx\javafx-base\16\javafx-base-16-win.jar;C:\Users\shtri\.m2\repository\org\openjfx\javafx-controls\16\javafx-controls-16-win.jar -Djdk.module.main=com.example.demo2 
java_command: com.example.demo2/com.example.demo2.HelloApplication
java_class_path (initial): C:\Users\shtri\.m2\repository\org\openjfx\javafx-controls\16\javafx-controls-16.jar;C:\Users\shtri\.m2\repository\org\openjfx\javafx-graphics\16\javafx-graphics-16.jar;C:\Users\shtri\.m2\repository\org\openjfx\javafx-base\16\javafx-base-16.jar;C:\Users\shtri\.m2\repository\org\openjfx\javafx-fxml\16\javafx-fxml-16.jar;C:\Users\shtri\OneDrive\Робочий стіл\mysql-connector-java-8.0.27\mysql-connector-java-8.0.27.jar
Launcher Type: SUN_STANDARD

[Global flags]
     intx CICompilerCount                          = 4                                         {product} {ergonomic}
     uint ConcGCThreads                            = 2                                         {product} {ergonomic}
     uint G1ConcRefinementThreads                  = 8                                         {product} {ergonomic}
   size_t G1HeapRegionSize                         = 1048576                                   {product} {ergonomic}
    uintx GCDrainStackTargetSize                   = 64                                        {product} {ergonomic}
   size_t InitialHeapSize                          = 132120576                                 {product} {ergonomic}
   size_t MarkStackSize                            = 4194304                                   {product} {ergonomic}
   size_t MaxHeapSize                              = 2107637760                                {product} {ergonomic}
   size_t MaxNewSize                               = 1264582656                                {product} {ergonomic}
   size_t MinHeapDeltaBytes                        = 1048576                                   {product} {ergonomic}
   size_t MinHeapSize                              = 8388608                                   {product} {ergonomic}
    uintx NonNMethodCodeHeapSize                   = 5839372                                {pd product} {ergonomic}
    uintx NonProfiledCodeHeapSize                  = 122909434                              {pd product} {ergonomic}
    uintx ProfiledCodeHeapSize                     = 122909434                              {pd product} {ergonomic}
    uintx ReservedCodeCacheSize                    = 251658240                              {pd product} {ergonomic}
     bool SegmentedCodeCache                       = true                                      {product} {ergonomic}
   size_t SoftMaxHeapSize                          = 2107637760                             {manageable} {ergonomic}
     bool UseCompressedClassPointers               = true                           {product lp64_product} {ergonomic}
     bool UseCompressedOops                        = true                           {product lp64_product} {ergonomic}
     bool UseG1GC                                  = true                                      {product} {ergonomic}
     bool UseLargePagesIndividualAllocation        = false                                  {pd product} {ergonomic}

Logging:
Log output configuration:
 #0: stdout all=off uptime,level,tags
 #1: stderr all=off uptime,level,tags

Environment Variables:
PATH=C:\Program Files\Common Files\Oracle\Java\javapath;C:\Program Files (x86)\Common Files\Oracle\Java\javapath;C:\ProgramData\Oracle\Java\javapath;C:\WINDOWS\system32;C:\WINDOWS;C:\WINDOWS\System32\Wbem;C:\WINDOWS\System32\WindowsPowerShell\v1.0\;C:\WINDOWS\System32\OpenSSH\;C:\Program Files\NVIDIA Corporation\NVIDIA NvDLISR;C:\Program Files (x86)\NVIDIA Corporation\PhysX\Common;C:\WINDOWS\system32;C:\WINDOWS;C:\WINDOWS\System32\Wbem;C:\WINDOWS\System32\WindowsPowerShell\v1.0\;C:\WINDOWS\System32\OpenSSH\;C:\Program Files\Microsoft SQL Server\Client SDK\ODBC\170\Tools\Binn\;C:\Program Files (x86)\Microsoft SQL Server\150\Tools\Binn\;C:\Program Files\Microsoft SQL Server\150\Tools\Binn\;C:\Program Files\Microsoft SQL Server\150\DTS\Binn\;C:\Program Files (x86)\Microsoft SQL Server\150\DTS\Binn\;C:\Program Files\Azure Data Studio\bin;C:\Program Files\Git\cmd;C:\Users\shtri\AppData\Local\Microsoft\WindowsApps;;C:\Program Files\JetBrains\IntelliJ IDEA Community Edition 2021.2\bin;;C:\Program Files\JetBrains\PyCharm 2021.2.1\bin;;C:\Program Files\Azure Data Studio\bin
USERNAME=shtri
OS=Windows_NT
PROCESSOR_IDENTIFIER=Intel64 Family 6 Model 158 Stepping 10, GenuineIntel



---------------  S Y S T E M  ---------------

OS:
 Windows 10 , 64 bit Build 19041 (10.0.19041.1348)
OS uptime: 10 days 7:26 hours

CPU: total 8 (initial active 8) (4 cores per cpu, 2 threads per core) family 6 model 158 stepping 10 microcode 0xd6, cx8, cmov, fxsr, ht, mmx, 3dnowpref, sse, sse2, sse3, ssse3, sse4.1, sse4.2, popcnt, lzcnt, tsc, tscinvbit, avx, avx2, aes, erms, clmul, bmi1, bmi2, adx, fma, vzeroupper, clflush, clflushopt

Memory: 4k page, system-wide physical 8033M (1053M free)
TotalPageFile size 23006M (AvailPageFile size 2874M)
current process WorkingSet (physical memory assigned to process): 129M, peak: 172M
current process commit charge ("private bytes"): 208M, peak: 322M

vm_info: Java HotSpot(TM) 64-Bit Server VM (16.0.2+7-67) for windows-amd64 JRE (16.0.2+7-67), built on Jun  8 2021 23:24:19 by "mach5one" with MS VC++ 16.7 (VS2019)

END.
