#
# A fatal error has been detected by the Java Runtime Environment:
#
#  EXCEPTION_ACCESS_VIOLATION (0xc0000005) at pc=0x00007ff8145b6997, pid=19288, tid=21272
#
# JRE version: Java(TM) SE Runtime Environment (16.0.2+7) (build 16.0.2+7-67)
# Java VM: Java HotSpot(TM) 64-Bit Server VM (16.0.2+7-67, mixed mode, sharing, tiered, compressed oops, compressed class ptrs, g1 gc, windows-amd64)
# Problematic frame:
# C  [glass.dll+0x26997]
#
# No core dump will be written. Minidumps are not enabled by default on client versions of Windows
#
# If you would like to submit a bug report, please visit:
#   https://bugreport.java.com/bugreport/crash.jsp
#

---------------  S U M M A R Y ------------

Command Line: -javaagent:C:\Program Files\JetBrains\IntelliJ IDEA Community Edition 2021.2\lib\idea_rt.jar=51858:C:\Program Files\JetBrains\IntelliJ IDEA Community Edition 2021.2\bin -Dfile.encoding=UTF-8 --module-path=C:\Users\shtri\IdeaProjects\demo2\target\classes;C:\Users\shtri\.m2\repository\org\openjfx\javafx-controls\16\javafx-controls-16-win.jar;C:\Users\shtri\.m2\repository\org\openjfx\javafx-base\16\javafx-base-16-win.jar;C:\Users\shtri\.m2\repository\org\openjfx\javafx-fxml\16\javafx-fxml-16-win.jar;C:\Users\shtri\.m2\repository\org\openjfx\javafx-graphics\16\javafx-graphics-16-win.jar -Djdk.module.main=com.example.demo2 com.example.demo2/com.example.demo2.HelloApplication

Host: Intel(R) Core(TM) i5-9300H CPU @ 2.40GHz, 8 cores, 7G,  Windows 10 , 64 bit Build 19041 (10.0.19041.1348)
Time: Wed Dec 15 02:01:59 2021  Windows 10 , 64 bit Build 19041 (10.0.19041.1348) elapsed time: 6.369132 seconds (0d 0h 0m 6s)

---------------  T H R E A D  ---------------

Current thread (0x000001ca6aaae920):  VMThread "VM Thread" [stack: 0x0000004719400000,0x0000004719500000] [id=21272]

Stack: [0x0000004719400000,0x0000004719500000],  sp=0x00000047194ff0a0,  free space=1020k
Native frames: (J=compiled Java code, j=interpreted, Vv=VM code, C=native code)
C  [glass.dll+0x26997]


siginfo: EXCEPTION_ACCESS_VIOLATION (0xc0000005), reading address 0x0000000000000000


Register to memory mapping:

RIP=0x00007ff8145b6997 glass.dll
RAX=0x0 is NULL
RBX=0x000001ca6aabffe8 is a global jni handle
RCX=0x000001ca6aaae920 points into unknown readable memory: 0x00007ffffb78f638 | 38 f6 78 fb ff 7f 00 00
RDX=0x00000047194ff0a0 points into unknown readable memory: 0x0000000000000000 | 00 00 00 00 00 00 00 00
RSP=0x00000047194ff0a0 points into unknown readable memory: 0x0000000000000000 | 00 00 00 00 00 00 00 00
RBP=0x000001ca6bfc4cd8 points into unknown readable memory: 0x000071538a5bf677 | 77 f6 5b 8a 53 71 00 00
RSI=0x000001ca6bfc4cb0 points into unknown readable memory: 0xa600716c7651dbe9 | e9 db 51 76 6c 71 00 a6
RDI=0x000071538a5bf677 is an unknown value
R8 =0x0000000000010002 is an unknown value
R9 =0x000071538a5bf677 is an unknown value
R10=0x0000000000008000 is an unknown value
R11=0x00000047194ff030 points into unknown readable memory: 0x000001ca6bfc4cb0 | b0 4c fc 6b ca 01 00 00
R12=0x00007ff8145b4234 glass.dll
R13=0x000001ca4cbd8340 points into unknown readable memory: 0x8000000900000001 | 01 00 00 00 09 00 00 80
R14=0x00000047194ff198 points into unknown readable memory: 0x00000047194ff180 | 80 f1 4f 19 47 00 00 00
R15=0x000001ca6bfc4cb0 points into unknown readable memory: 0xa600716c7651dbe9 | e9 db 51 76 6c 71 00 a6


Registers:
RAX=0x0000000000000000, RBX=0x000001ca6aabffe8, RCX=0x000001ca6aaae920, RDX=0x00000047194ff0a0
RSP=0x00000047194ff0a0, RBP=0x000001ca6bfc4cd8, RSI=0x000001ca6bfc4cb0, RDI=0x000071538a5bf677
R8 =0x0000000000010002, R9 =0x000071538a5bf677, R10=0x0000000000008000, R11=0x00000047194ff030
R12=0x00007ff8145b4234, R13=0x000001ca4cbd8340, R14=0x00000047194ff198, R15=0x000001ca6bfc4cb0
RIP=0x00007ff8145b6997, EFLAGS=0x0000000000010202

Top of Stack: (sp=0x00000047194ff0a0)
0x00000047194ff0a0:   0000000000000000 000001ca6bfc4cb0
0x00000047194ff0b0:   000001ca4cbd8340 00007ff8145b4234
0x00000047194ff0c0:   000001ca6bfc4cb8 00007ff86c9b42d6
0x00000047194ff0d0:   000071538a5bf677 000001ca00000000
0x00000047194ff0e0:   000001ca6bfc4cd8 000001ca6bfc4cb0
0x00000047194ff0f0:   fffffffffffffffe 0000000000000000
0x00000047194ff100:   0000000000000001 00007ff814590000
0x00000047194ff110:   00000047194ff188 00007ff86c9b41fb
0x00000047194ff120:   0000000000000000 00000047194ff198
0x00000047194ff130:   00000047194ff460 00007ff86ca90e40
0x00000047194ff140:   0000000000000001 00007ff86c9b41b4
0x00000047194ff150:   0000000000000000 0000000000000001
0x00000047194ff160:   0000000000000000 00000047194ff188
0x00000047194ff170:   ffffffff00000001 00007ff8145b40c1
0x00000047194ff180:   00007ff8145ca128 00007ff800000002
0x00000047194ff190:   0000000000000002 00000047194ff180 

Instructions: (pc=0x00007ff8145b6997)
0x00007ff8145b6897:   8b 4d 58 e8 d1 ce ff ff 48 8b 4d 60 e8 c8 ce ff
0x00007ff8145b68a7:   ff 48 8b 95 80 00 00 00 48 8b 8d 18 01 00 00 e8
0x00007ff8145b68b7:   96 c3 ff ff 33 d2 33 c9 e8 12 e1 ff ff 90 48 89
0x00007ff8145b68c7:   54 24 10 55 48 83 ec 20 48 8b ea 48 b8 00 00 00
0x00007ff8145b68d7:   00 00 00 00 00 48 83 c4 20 5d c3 cc 40 55 48 8b
0x00007ff8145b68e7:   ea 48 8b 01 33 c9 81 38 05 00 00 c0 0f 94 c1 8b
0x00007ff8145b68f7:   c1 5d c3 cc 40 55 48 83 ec 20 48 8b ea 8a 4d 40
0x00007ff8145b6907:   48 83 c4 20 5d e9 c7 d2 ff ff cc 40 55 48 83 ec
0x00007ff8145b6917:   20 48 8b ea 8a 4d 20 e8 b5 d2 ff ff 90 48 83 c4
0x00007ff8145b6927:   20 5d c3 cc 40 55 48 83 ec 20 48 8b ea 48 83 c4
0x00007ff8145b6937:   20 5d e9 16 d1 ff ff cc 40 55 48 83 ec 30 48 8b
0x00007ff8145b6947:   ea 48 8b 01 8b 10 48 89 4c 24 28 89 54 24 20 4c
0x00007ff8145b6957:   8d 0d b7 d5 ff ff 4c 8b 45 70 8b 55 68 48 8b 4d
0x00007ff8145b6967:   60 e8 57 d0 ff ff 90 48 83 c4 30 5d c3 cc cc cc
0x00007ff8145b6977:   cc cc cc cc cc cc cc cc cc 40 53 48 83 ec 20 48
0x00007ff8145b6987:   8b 1d 93 31 01 00 48 85 db 74 16 e8 29 8b ff ff
0x00007ff8145b6997:   4c 8b 00 48 8b d3 48 8b c8 41 ff 90 b0 00 00 00
0x00007ff8145b69a7:   90 48 83 c4 20 5b c3 cc cc 40 53 48 83 ec 20 48
0x00007ff8145b69b7:   8b 1d 0b 33 01 00 48 85 db 74 57 b8 ff ff ff ff
0x00007ff8145b69c7:   f0 0f c1 43 10 83 f8 01 75 3d 48 85 db 74 38 48
0x00007ff8145b69d7:   8b 0b 48 85 c9 74 0d ff 15 c4 08 00 00 48 c7 03
0x00007ff8145b69e7:   00 00 00 00 48 8b 4b 08 48 85 c9 74 0d e8 77 cd
0x00007ff8145b69f7:   ff ff 48 c7 43 08 00 00 00 00 ba 18 00 00 00 48
0x00007ff8145b6a07:   8b cb e8 62 cd ff ff 48 c7 05 af 32 01 00 00 00
0x00007ff8145b6a17:   00 00 48 83 c4 20 5b c3 cc 40 53 48 83 ec 20 48
0x00007ff8145b6a27:   8b 1d 7b 32 01 00 48 85 db 74 57 b8 ff ff ff ff
0x00007ff8145b6a37:   f0 0f c1 43 10 83 f8 01 75 3d 48 85 db 74 38 48
0x00007ff8145b6a47:   8b 0b 48 85 c9 74 0d ff 15 54 08 00 00 48 c7 03
0x00007ff8145b6a57:   00 00 00 00 48 8b 4b 08 48 85 c9 74 0d e8 07 cd
0x00007ff8145b6a67:   ff ff 48 c7 43 08 00 00 00 00 ba 18 00 00 00 48
0x00007ff8145b6a77:   8b cb e8 f2 cc ff ff 48 c7 05 1f 32 01 00 00 00
0x00007ff8145b6a87:   00 00 48 83 c4 20 5b c3 cc 40 53 48 83 ec 20 48 


Stack slot to memory mapping:
stack at sp + 0 slots: 0x0 is NULL
stack at sp + 1 slots: 0x000001ca6bfc4cb0 points into unknown readable memory: 0xa600716c7651dbe9 | e9 db 51 76 6c 71 00 a6
stack at sp + 2 slots: 0x000001ca4cbd8340 points into unknown readable memory: 0x8000000900000001 | 01 00 00 00 09 00 00 80
stack at sp + 3 slots: 0x00007ff8145b4234 glass.dll
stack at sp + 4 slots: 0x000001ca6bfc4cb8 points into unknown readable memory: 0x000071538a5bf677 | 77 f6 5b 8a 53 71 00 00
stack at sp + 5 slots: 0x00007ff86c9b42d6 ucrtbase.dll
stack at sp + 6 slots: 0x000071538a5bf677 is an unknown value
stack at sp + 7 slots: 0x000001ca00000000 is an unknown value

VM_Operation (0x000000471b7ff0a0): Exit, mode: safepoint, requested by thread 0x000001ca6ceea850


---------------  P R O C E S S  ---------------

Threads class SMR info:
_java_thread_list=0x000001ca76b62eb0, length=22, elements={
0x000001ca4cb7aec0, 0x000001ca6aab2570, 0x000001ca6aab3430, 0x000001ca6aac5dd0,
0x000001ca6aac68e0, 0x000001ca6aaca400, 0x000001ca6aacbe40, 0x000001ca6aadbe00,
0x000001ca6aae6d10, 0x000001ca6aaf1b70, 0x000001ca6aace370, 0x000001ca6aacd380,
0x000001ca6aacc8e0, 0x000001ca6aacce30, 0x000001ca6aacd8d0, 0x000001ca6aacde20,
0x000001ca6aacae50, 0x000001ca6aacb3a0, 0x000001ca6cee6890, 0x000001ca6ceec830,
0x000001ca6cee6340, 0x000001ca6ceea850
}

Java Threads: ( => current thread )
  0x000001ca4cb7aec0 JavaThread "main" [_thread_blocked, id=16200, stack(0x0000004718e00000,0x0000004718f00000)]
  0x000001ca6aab2570 JavaThread "Reference Handler" daemon [_thread_blocked, id=4584, stack(0x0000004719500000,0x0000004719600000)]
  0x000001ca6aab3430 JavaThread "Finalizer" daemon [_thread_blocked, id=2336, stack(0x0000004719600000,0x0000004719700000)]
  0x000001ca6aac5dd0 JavaThread "Signal Dispatcher" daemon [_thread_blocked, id=20684, stack(0x0000004719700000,0x0000004719800000)]
  0x000001ca6aac68e0 JavaThread "Attach Listener" daemon [_thread_blocked, id=6340, stack(0x0000004719800000,0x0000004719900000)]
  0x000001ca6aaca400 JavaThread "Service Thread" daemon [_thread_blocked, id=10152, stack(0x0000004719900000,0x0000004719a00000)]
  0x000001ca6aacbe40 JavaThread "Monitor Deflation Thread" daemon [_thread_blocked, id=13032, stack(0x0000004719a00000,0x0000004719b00000)]
  0x000001ca6aadbe00 JavaThread "C2 CompilerThread0" daemon [_thread_blocked, id=15704, stack(0x0000004719b00000,0x0000004719c00000)]
  0x000001ca6aae6d10 JavaThread "C1 CompilerThread0" daemon [_thread_blocked, id=13060, stack(0x0000004719c00000,0x0000004719d00000)]
  0x000001ca6aaf1b70 JavaThread "Sweeper thread" daemon [_thread_blocked, id=7836, stack(0x0000004719d00000,0x0000004719e00000)]
  0x000001ca6aace370 JavaThread "Common-Cleaner" daemon [_thread_blocked, id=15520, stack(0x0000004719e00000,0x0000004719f00000)]
  0x000001ca6aacd380 JavaThread "Monitor Ctrl-Break" daemon [_thread_in_native, id=17980, stack(0x000000471a100000,0x000000471a200000)]
  0x000001ca6aacc8e0 JavaThread "Notification Thread" daemon [_thread_blocked, id=5312, stack(0x000000471a200000,0x000000471a300000)]
  0x000001ca6aacce30 JavaThread "QuantumRenderer-0" daemon [_thread_blocked, id=8240, stack(0x000000471a000000,0x000000471a100000)]
  0x000001ca6aacd8d0 JavaThread "InvokeLaterDispatcher" daemon [_thread_blocked, id=9380, stack(0x000000471a500000,0x000000471a600000)]
  0x000001ca6aacde20 JavaThread "JavaFX Application Thread" [_thread_in_native, id=22988, stack(0x000000471a600000,0x000000471a700000)]
  0x000001ca6aacae50 JavaThread "Thread-1" daemon [_thread_in_native, id=10860, stack(0x0000004719f00000,0x000000471a000000)]
  0x000001ca6aacb3a0 JavaThread "JavaFX-Launcher" [_thread_blocked, id=17212, stack(0x000000471a800000,0x000000471a900000)]
  0x000001ca6cee6890 JavaThread "Prism Font Disposer" daemon [_thread_blocked, id=16320, stack(0x000000471b300000,0x000000471b400000)]
  0x000001ca6ceec830 JavaThread "Cleaner-0" daemon [_thread_blocked, id=6612, stack(0x000000471b400000,0x000000471b500000)]
  0x000001ca6cee6340 JavaThread "mysql-cj-abandoned-connection-cleanup" daemon [_thread_blocked, id=22008, stack(0x000000471ae20000,0x000000471af20000)]
  0x000001ca6ceea850 JavaThread "SIGINT handler" daemon [_thread_blocked, id=22180, stack(0x000000471b700000,0x000000471b800000)]

Other Threads:
=>0x000001ca6aaae920 VMThread "VM Thread" [stack: 0x0000004719400000,0x0000004719500000] [id=21272]
  0x000001ca4cbbb7f0 GCTaskThread "GC Thread#0" [stack: 0x0000004718f00000,0x0000004719000000] [id=20892]
  0x000001ca6c7cdb80 GCTaskThread "GC Thread#1" [stack: 0x000000471a900000,0x000000471aa00000] [id=17276]
  0x000001ca6c7cd560 GCTaskThread "GC Thread#2" [stack: 0x000000471aa00000,0x000000471ab00000] [id=9012]
  0x000001ca6c7ce1a0 GCTaskThread "GC Thread#3" [stack: 0x000000471ab00000,0x000000471ac00000] [id=9036]
  0x000001ca6cbe2930 GCTaskThread "GC Thread#4" [stack: 0x000000471ac00000,0x000000471ad00000] [id=14280]
  0x000001ca6cbe3260 GCTaskThread "GC Thread#5" [stack: 0x000000471ad00000,0x000000471ae00000] [id=17576]
  0x000001ca6cbe3ea0 GCTaskThread "GC Thread#6" [stack: 0x000000471b500000,0x000000471b600000] [id=7928]
  0x000001ca6cbe5100 GCTaskThread "GC Thread#7" [stack: 0x000000471b600000,0x000000471b700000] [id=15368]
  0x000001ca4cbcd400 ConcurrentGCThread "G1 Main Marker" terminated
  0x000001ca4cbcde70 ConcurrentGCThread "G1 Conc#0" [stack: 0x0000004719100000,0x0000004719200000] [id=13760]
  0x000001ca6cbe19e0 ConcurrentGCThread "G1 Conc#1" [stack: 0x000000471b900000,0x000000471ba00000] [id=13268]
  0x000001ca4cc58eb0 ConcurrentGCThread "G1 Refine#0" terminated
  0x000001ca4cc59930 ConcurrentGCThread "G1 Service" terminated

Threads with active compile tasks:
C2 CompilerThread0  
[error occurred during error reporting (printing all threads), id 0xc0000005, EXCEPTION_ACCESS_VIOLATION (0xc0000005) at pc=0x00007ffffb5ab5c3]

VM state: at safepoint (shutting down)

VM Mutex/Monitor currently owned by a thread:  ([mutex/lock_event])
[0x000001ca4cb77090] Threads_lock - owner thread: 0x000001ca6aaae920
[0x000001ca4cb77360] Heap_lock - owner thread: 0x000001ca6ceea850

Heap address: 0x0000000082600000, size: 2010 MB, Compressed Oops mode: 32-bit

CDS archive(s) mapped at: [0x0000000800000000-0x0000000800bb0000-0x0000000800bb0000), size 12255232, SharedBaseAddress: 0x0000000800000000, ArchiveRelocationMode: 0.
Compressed class space mapped at: 0x0000000800c00000-0x0000000840c00000, reserved size: 1073741824
Narrow klass base: 0x0000000800000000, Narrow klass shift: 3, Narrow klass range: 0x100000000

GC Precious Log:
 CPUs: 8 total, 8 available
 Memory: 8033M
 Large Page Support: Disabled
 NUMA Support: Disabled
 Compressed Oops: Enabled (32-bit)
 Heap Region Size: 1M
 Heap Min Capacity: 8M
 Heap Initial Capacity: 126M
 Heap Max Capacity: 2010M
 Pre-touch: Disabled
 Parallel Workers: 8
 Concurrent Workers: 2
 Concurrent Refinement Workers: 8
 Periodic GC: Disabled

Heap:
 garbage-first heap   total 48128K, used 28761K [0x0000000082600000, 0x0000000100000000)
  region size 1024K, 25 young (25600K), 8 survivors (8192K)
 Metaspace       used 24726K, committed 24960K, reserved 1073152K
  class space    used 3314K, committed 3456K, reserved 1048576K

Heap Regions: E=young(eden), S=young(survivor), O=old, HS=humongous(starts), HC=humongous(continues), CS=collection set, F=free, OA=open archive, CA=closed archive, TAMS=top-at-mark-start (previous, next)
|   0|0x0000000082600000, 0x0000000082700000, 0x0000000082700000|100%| O|  |TAMS 0x0000000082700000, 0x0000000082600000| Untracked 
|   1|0x0000000082700000, 0x0000000082800000, 0x0000000082800000|100%|HS|  |TAMS 0x0000000082800000, 0x0000000082700000| Complete 
|   2|0x0000000082800000, 0x0000000082900000, 0x0000000082900000|100%|HC|  |TAMS 0x0000000082900000, 0x0000000082800000| Complete 
|   3|0x0000000082900000, 0x0000000082a00000, 0x0000000082a00000|100%| O|  |TAMS 0x0000000082a00000, 0x0000000082900000| Untracked 
|   4|0x0000000082a00000, 0x0000000082afb000, 0x0000000082b00000| 98%| O|  |TAMS 0x0000000082afb000, 0x0000000082a00000| Untracked 
|   5|0x0000000082b00000, 0x0000000082b00000, 0x0000000082c00000|  0%| F|  |TAMS 0x0000000082b00000, 0x0000000082b00000| Untracked 
|   6|0x0000000082c00000, 0x0000000082c00000, 0x0000000082d00000|  0%| F|  |TAMS 0x0000000082c00000, 0x0000000082c00000| Untracked 
|   7|0x0000000082d00000, 0x0000000082d00000, 0x0000000082e00000|  0%| F|  |TAMS 0x0000000082d00000, 0x0000000082d00000| Untracked 
|   8|0x0000000082e00000, 0x0000000082e00000, 0x0000000082f00000|  0%| F|  |TAMS 0x0000000082e00000, 0x0000000082e00000| Untracked 
|   9|0x0000000082f00000, 0x0000000082f00000, 0x0000000083000000|  0%| F|  |TAMS 0x0000000082f00000, 0x0000000082f00000| Untracked 
|  10|0x0000000083000000, 0x0000000083000000, 0x0000000083100000|  0%| F|  |TAMS 0x0000000083000000, 0x0000000083000000| Untracked 
|  11|0x0000000083100000, 0x0000000083100000, 0x0000000083200000|  0%| F|  |TAMS 0x0000000083100000, 0x0000000083100000| Untracked 
|  12|0x0000000083200000, 0x0000000083200000, 0x0000000083300000|  0%| F|  |TAMS 0x0000000083200000, 0x0000000083200000| Untracked 
|  13|0x0000000083300000, 0x0000000083300000, 0x0000000083400000|  0%| F|  |TAMS 0x0000000083300000, 0x0000000083300000| Untracked 
|  14|0x0000000083400000, 0x0000000083400000, 0x0000000083500000|  0%| F|  |TAMS 0x0000000083400000, 0x0000000083400000| Untracked 
|  15|0x0000000083500000, 0x0000000083500000, 0x0000000083600000|  0%| F|  |TAMS 0x0000000083500000, 0x0000000083500000| Untracked 
|  16|0x0000000083600000, 0x0000000083600000, 0x0000000083700000|  0%| F|  |TAMS 0x0000000083600000, 0x0000000083600000| Untracked 
|  17|0x0000000083700000, 0x0000000083700000, 0x0000000083800000|  0%| F|  |TAMS 0x0000000083700000, 0x0000000083700000| Untracked 
|  18|0x0000000083800000, 0x0000000083800000, 0x0000000083900000|  0%| F|  |TAMS 0x0000000083800000, 0x0000000083800000| Untracked 
|  19|0x0000000083900000, 0x0000000083900000, 0x0000000083a00000|  0%| F|  |TAMS 0x0000000083900000, 0x0000000083900000| Untracked 
|  20|0x0000000083a00000, 0x0000000083a00000, 0x0000000083b00000|  0%| F|  |TAMS 0x0000000083a00000, 0x0000000083a00000| Untracked 
|  21|0x0000000083b00000, 0x0000000083b00000, 0x0000000083c00000|  0%| F|  |TAMS 0x0000000083b00000, 0x0000000083b00000| Untracked 
|  22|0x0000000083c00000, 0x0000000083c22a70, 0x0000000083d00000| 13%| E|  |TAMS 0x0000000083c00000, 0x0000000083c00000| Complete 
|  23|0x0000000083d00000, 0x0000000083e00000, 0x0000000083e00000|100%| E|CS|TAMS 0x0000000083d00000, 0x0000000083d00000| Complete 
|  24|0x0000000083e00000, 0x0000000083f00000, 0x0000000083f00000|100%| E|CS|TAMS 0x0000000083e00000, 0x0000000083e00000| Complete 
|  25|0x0000000083f00000, 0x0000000084000000, 0x0000000084000000|100%| E|CS|TAMS 0x0000000083f00000, 0x0000000083f00000| Complete 
|  26|0x0000000084000000, 0x0000000084100000, 0x0000000084100000|100%| E|CS|TAMS 0x0000000084000000, 0x0000000084000000| Complete 
|  27|0x0000000084100000, 0x0000000084200000, 0x0000000084200000|100%| E|CS|TAMS 0x0000000084100000, 0x0000000084100000| Complete 
|  28|0x0000000084200000, 0x0000000084300000, 0x0000000084300000|100%| E|CS|TAMS 0x0000000084200000, 0x0000000084200000| Complete 
|  29|0x0000000084300000, 0x0000000084400000, 0x0000000084400000|100%| E|CS|TAMS 0x0000000084300000, 0x0000000084300000| Complete 
|  30|0x0000000084400000, 0x0000000084500000, 0x0000000084500000|100%| E|CS|TAMS 0x0000000084400000, 0x0000000084400000| Complete 
|  31|0x0000000084500000, 0x0000000084600000, 0x0000000084600000|100%| E|CS|TAMS 0x0000000084500000, 0x0000000084500000| Complete 
|  32|0x0000000084600000, 0x0000000084700000, 0x0000000084700000|100%| E|CS|TAMS 0x0000000084600000, 0x0000000084600000| Complete 
|  33|0x0000000084700000, 0x0000000084800000, 0x0000000084800000|100%| E|CS|TAMS 0x0000000084700000, 0x0000000084700000| Complete 
|  34|0x0000000084800000, 0x0000000084900000, 0x0000000084900000|100%| E|CS|TAMS 0x0000000084800000, 0x0000000084800000| Complete 
|  35|0x0000000084900000, 0x0000000084a00000, 0x0000000084a00000|100%| E|CS|TAMS 0x0000000084900000, 0x0000000084900000| Complete 
|  36|0x0000000084a00000, 0x0000000084b00000, 0x0000000084b00000|100%| E|CS|TAMS 0x0000000084a00000, 0x0000000084a00000| Complete 
|  37|0x0000000084b00000, 0x0000000084c00000, 0x0000000084c00000|100%| E|CS|TAMS 0x0000000084b00000, 0x0000000084b00000| Complete 
| 102|0x0000000088c00000, 0x0000000088c1b6e8, 0x0000000088d00000| 10%| S|CS|TAMS 0x0000000088c00000, 0x0000000088c00000| Complete 
| 103|0x0000000088d00000, 0x0000000088e00000, 0x0000000088e00000|100%| S|CS|TAMS 0x0000000088d00000, 0x0000000088d00000| Complete 
| 104|0x0000000088e00000, 0x0000000088f00000, 0x0000000088f00000|100%| S|CS|TAMS 0x0000000088e00000, 0x0000000088e00000| Complete 
| 105|0x0000000088f00000, 0x0000000089000000, 0x0000000089000000|100%| S|CS|TAMS 0x0000000088f00000, 0x0000000088f00000| Complete 
| 106|0x0000000089000000, 0x0000000089100000, 0x0000000089100000|100%| S|CS|TAMS 0x0000000089000000, 0x0000000089000000| Complete 
| 107|0x0000000089100000, 0x0000000089200000, 0x0000000089200000|100%| S|CS|TAMS 0x0000000089100000, 0x0000000089100000| Complete 
| 108|0x0000000089200000, 0x0000000089300000, 0x0000000089300000|100%| S|CS|TAMS 0x0000000089200000, 0x0000000089200000| Complete 
| 109|0x0000000089300000, 0x0000000089400000, 0x0000000089400000|100%| S|CS|TAMS 0x0000000089300000, 0x0000000089300000| Complete 
| 125|0x000000008a300000, 0x000000008a400000, 0x000000008a400000|100%| E|CS|TAMS 0x000000008a300000, 0x000000008a300000| Complete 

Card table byte_map: [0x000001ca63a20000,0x000001ca63e10000] _byte_map_base: 0x000001ca6360d000

Marking Bits (Prev, Next): (CMBitMap*) 0x000001ca4cbbbf20, (CMBitMap*) 0x000001ca4cbbbee0
 Prev Bits: [0x000001ca66170000, 0x000001ca680d8000)
 Next Bits: [0x000001ca64200000, 0x000001ca66168000)

Polling page: 0x000001ca4aa20000

Metaspace:

Usage:
  Non-class:     20.91 MB used.
      Class:      3.24 MB used.
       Both:     24.15 MB used.

Virtual space:
  Non-class space:       24.00 MB reserved,      21.00 MB ( 88%) committed,  3 nodes.
      Class space:        1.00 GB reserved,       3.38 MB ( <1%) committed,  1 nodes.
              Both:        1.02 GB reserved,      24.38 MB (  2%) committed. 

Chunk freelists:
   Non-Class:  1.95 MB
       Class:  688.00 KB
        Both:  2.62 MB

MaxMetaspaceSize: 17179869184.00 GB
CompressedClassSpaceSize: 1.00 GB
 - commit_granule_bytes: 65536.
 - commit_granule_words: 8192.
 - virtual_space_node_default_size: 1048576.
 - enlarge_chunks_in_place: 1.
 - new_chunks_are_fully_committed: 0.
 - uncommit_free_chunks: 1.
 - use_allocation_guard: 0.
 - handle_deallocations: 1.


Internal statistics:

num_allocs_failed_limit: 3.
num_arena_births: 230.
num_arena_deaths: 0.
num_vsnodes_births: 4.
num_vsnodes_deaths: 0.
num_space_committed: 390.
num_space_uncommitted: 0.
num_chunks_returned_to_freelist: 3.
num_chunks_taken_from_freelist: 927.
num_chunk_merges: 3.
num_chunk_splits: 637.
num_chunks_enlarged: 484.
num_purges: 0.

CodeHeap 'non-profiled nmethods': size=120000Kb used=1304Kb max_used=1304Kb free=118695Kb
 bounds [0x000001ca5bdd0000, 0x000001ca5c040000, 0x000001ca63300000]
CodeHeap 'profiled nmethods': size=120000Kb used=6213Kb max_used=6213Kb free=113786Kb
 bounds [0x000001ca548a0000, 0x000001ca54ec0000, 0x000001ca5bdd0000]
CodeHeap 'non-nmethods': size=5760Kb used=1515Kb max_used=1565Kb free=4244Kb
 bounds [0x000001ca54300000, 0x000001ca54570000, 0x000001ca548a0000]
 total_blobs=4107 nmethods=3220 adapters=798
 compilation: enabled
              stopped_count=0, restarted_count=0
 full_count=0

Compilation events (20 events):
Event: 4.754 Thread 0x000001ca6aae6d10 nmethod 3213 0x000001ca54eac010 code [0x000001ca54eac1e0, 0x000001ca54eac4e8]
Event: 4.754 Thread 0x000001ca6aae6d10 3214       3       javafx.scene.shape.Rectangle$1::doConfigShape (8 bytes)
Event: 4.754 Thread 0x000001ca6aae6d10 nmethod 3214 0x000001ca54eac610 code [0x000001ca54eac7c0, 0x000001ca54eaca08]
Event: 4.754 Thread 0x000001ca6aae6d10 3215   !   3       javafx.scene.Node::containsBounds (115 bytes)
Event: 4.755 Thread 0x000001ca6aae6d10 nmethod 3215 0x000001ca54eacb10 code [0x000001ca54eace00, 0x000001ca54eae208]
Event: 4.755 Thread 0x000001ca6aae6d10 3216       3       com.sun.javafx.scene.NodeHelper::computeContains (11 bytes)
Event: 4.755 Thread 0x000001ca6aae6d10 nmethod 3216 0x000001ca54eae810 code [0x000001ca54eae9c0, 0x000001ca54eaebd8]
Event: 4.755 Thread 0x000001ca6aae6d10 3217       3       javafx.scene.Node::sceneToLocal0 (46 bytes)
Event: 4.756 Thread 0x000001ca6aae6d10 nmethod 3217 0x000001ca54eaed10 code [0x000001ca54eaf000, 0x000001ca54eb07b8]
Event: 4.764 Thread 0x000001ca6aadbe00 3218   !   4       javafx.scene.Node::pickNode (130 bytes)
Event: 4.768 Thread 0x000001ca6aadbe00 nmethod 3218 0x000001ca5bf14610 code [0x000001ca5bf147e0, 0x000001ca5bf14d08]
Event: 4.769 Thread 0x000001ca6aae6d10 3219       3       javafx.scene.Node::sceneToLocal (17 bytes)
Event: 4.769 Thread 0x000001ca6aae6d10 nmethod 3219 0x000001ca54eb0d90 code [0x000001ca54eb0f40, 0x000001ca54eb1168]
Event: 4.789 Thread 0x000001ca6aae6d10 3220       3       com.sun.javafx.css.PseudoClassState::add (6 bytes)
Event: 4.789 Thread 0x000001ca6aae6d10 nmethod 3220 0x000001ca54eb1290 code [0x000001ca54eb1440, 0x000001ca54eb1588]
Event: 4.806 Thread 0x000001ca6aadbe00 3221       4       com.sun.javafx.event.EventHandlerManager::dispatchBubblingEvent (41 bytes)
Event: 4.811 Thread 0x000001ca6aadbe00 nmethod 3221 0x000001ca5bf15390 code [0x000001ca5bf15580, 0x000001ca5bf15a80]
Event: 6.007 Thread 0x000001ca6aadbe00 3222       4       java.util.concurrent.ConcurrentHashMap$Traverser::advance (188 bytes)
Event: 6.007 Thread 0x000001ca6aae6d10 3223       1       java.util.logging.LogManager$LoggerContext::getOwner (5 bytes)
Event: 6.007 Thread 0x000001ca6aae6d10 nmethod 3223 0x000001ca5bf15f90 code [0x000001ca5bf16120, 0x000001ca5bf161f8]

GC Heap History (6 events):
Event: 0.719 GC heap before
{Heap before GC invocations=0 (full 0):
 garbage-first heap   total 129024K, used 22528K [0x0000000082600000, 0x0000000100000000)
  region size 1024K, 23 young (23552K), 0 survivors (0K)
 Metaspace       used 6299K, committed 6464K, reserved 1056768K
  class space    used 758K, committed 832K, reserved 1048576K
}
Event: 0.722 GC heap after
{Heap after GC invocations=1 (full 0):
 garbage-first heap   total 129024K, used 3158K [0x0000000082600000, 0x0000000100000000)
  region size 1024K, 3 young (3072K), 3 survivors (3072K)
 Metaspace       used 6299K, committed 6464K, reserved 1056768K
  class space    used 758K, committed 832K, reserved 1048576K
}
Event: 1.269 GC heap before
{Heap before GC invocations=1 (full 0):
 garbage-first heap   total 129024K, used 36950K [0x0000000082600000, 0x0000000100000000)
  region size 1024K, 34 young (34816K), 3 survivors (3072K)
 Metaspace       used 14497K, committed 14720K, reserved 1064960K
  class space    used 2088K, committed 2176K, reserved 1048576K
}
Event: 1.275 GC heap after
{Heap after GC invocations=2 (full 0):
 garbage-first heap   total 129024K, used 9596K [0x0000000082600000, 0x0000000100000000)
  region size 1024K, 5 young (5120K), 5 survivors (5120K)
 Metaspace       used 14497K, committed 14720K, reserved 1064960K
  class space    used 2088K, committed 2176K, reserved 1048576K
}
Event: 2.995 GC heap before
{Heap before GC invocations=2 (full 0):
 garbage-first heap   total 129024K, used 24956K [0x0000000082600000, 0x0000000100000000)
  region size 1024K, 21 young (21504K), 5 survivors (5120K)
 Metaspace       used 21005K, committed 21248K, reserved 1073152K
  class space    used 2795K, committed 2944K, reserved 1048576K
}
Event: 2.999 GC heap after
{Heap after GC invocations=3 (full 0):
 garbage-first heap   total 129024K, used 12377K [0x0000000082600000, 0x0000000100000000)
  region size 1024K, 8 young (8192K), 8 survivors (8192K)
 Metaspace       used 21005K, committed 21248K, reserved 1073152K
  class space    used 2795K, committed 2944K, reserved 1048576K
}

Deoptimization events (20 events):
Event: 4.067 Thread 0x000001ca6aacde20 Uncommon trap: trap_request=0xffffffde fr.pc=0x000001ca5bef494c relative=0x000000000000012c
Event: 4.067 Thread 0x000001ca6aacde20 Uncommon trap: reason=class_check action=maybe_recompile pc=0x000001ca5bef494c method=jdk.internal.misc.Unsafe.allocateUninitializedArray(Ljava/lang/Class;I)Ljava/lang/Object; @ 51 c2
Event: 4.067 Thread 0x000001ca6aacde20 DEOPT PACKING pc=0x000001ca5bef494c sp=0x000000471a6f5830
Event: 4.067 Thread 0x000001ca6aacde20 DEOPT UNPACKING pc=0x000001ca5434d72e sp=0x000000471a6f57b8 mode 2
Event: 4.068 Thread 0x000001ca6aacde20 Uncommon trap: trap_request=0xffffffde fr.pc=0x000001ca5bef494c relative=0x000000000000012c
Event: 4.068 Thread 0x000001ca6aacde20 Uncommon trap: reason=class_check action=maybe_recompile pc=0x000001ca5bef494c method=jdk.internal.misc.Unsafe.allocateUninitializedArray(Ljava/lang/Class;I)Ljava/lang/Object; @ 51 c2
Event: 4.068 Thread 0x000001ca6aacde20 DEOPT PACKING pc=0x000001ca5bef494c sp=0x000000471a6f3e00
Event: 4.068 Thread 0x000001ca6aacde20 DEOPT UNPACKING pc=0x000001ca5434d72e sp=0x000000471a6f3d88 mode 2
Event: 4.068 Thread 0x000001ca6aacde20 Uncommon trap: trap_request=0xffffffde fr.pc=0x000001ca5bef494c relative=0x000000000000012c
Event: 4.068 Thread 0x000001ca6aacde20 Uncommon trap: reason=class_check action=maybe_recompile pc=0x000001ca5bef494c method=jdk.internal.misc.Unsafe.allocateUninitializedArray(Ljava/lang/Class;I)Ljava/lang/Object; @ 51 c2
Event: 4.068 Thread 0x000001ca6aacde20 DEOPT PACKING pc=0x000001ca5bef494c sp=0x000000471a6f5830
Event: 4.068 Thread 0x000001ca6aacde20 DEOPT UNPACKING pc=0x000001ca5434d72e sp=0x000000471a6f57b8 mode 2
Event: 4.146 Thread 0x000001ca6aacde20 Uncommon trap: trap_request=0xffffff45 fr.pc=0x000001ca5befa608 relative=0x0000000000000ac8
Event: 4.146 Thread 0x000001ca6aacde20 Uncommon trap: reason=unstable_if action=reinterpret pc=0x000001ca5befa608 method=javafx.scene.CssStyleHelper.getStyle(Ljavafx/css/Styleable;Ljava/lang/String;Lcom/sun/javafx/css/StyleMap;Ljava/util/Set;)Lcom/sun/javafx/css/CascadingStyle; @ 8 c2
Event: 4.146 Thread 0x000001ca6aacde20 DEOPT PACKING pc=0x000001ca5befa608 sp=0x000000471a6f99e0
Event: 4.146 Thread 0x000001ca6aacde20 DEOPT UNPACKING pc=0x000001ca5434d72e sp=0x000000471a6f9978 mode 2
Event: 4.161 Thread 0x000001ca6aacde20 Uncommon trap: trap_request=0xffffff45 fr.pc=0x000001ca5befe000 relative=0x0000000000000520
Event: 4.161 Thread 0x000001ca6aacde20 Uncommon trap: reason=unstable_if action=reinterpret pc=0x000001ca5befe000 method=com.sun.javafx.css.BitSet.add(Ljava/lang/Object;)Z @ 91 c2
Event: 4.161 Thread 0x000001ca6aacde20 DEOPT PACKING pc=0x000001ca5befe000 sp=0x000000471a6f9690
Event: 4.161 Thread 0x000001ca6aacde20 DEOPT UNPACKING pc=0x000001ca5434d72e sp=0x000000471a6f9650 mode 2

Classes unloaded (0 events):
No events

Classes redefined (0 events):
No events

Internal exceptions (20 events):
Event: 1.222 Thread 0x000001ca6aacde20 Exception <a 'java/lang/NoSuchMethodError'{0x00000000884bf600}: 'java.lang.Object java.lang.invoke.DirectMethodHandle$Holder.newInvokeSpecial(java.lang.Object, java.lang.Object, long)'> (0x00000000884bf600) 
thrown [t:\workspace\open\src\hotspot\share\interpreter\linkResolver.cpp, line 790]
Event: 1.223 Thread 0x000001ca6aacde20 Exception <a 'java/lang/NoSuchMethodError'{0x00000000884c3370}: 'java.lang.Object java.lang.invoke.Invokers$Holder.linkToTargetMethod(java.lang.Object, long, java.lang.Object)'> (0x00000000884c3370) 
thrown [t:\workspace\open\src\hotspot\share\interpreter\linkResolver.cpp, line 790]
Event: 2.268 Thread 0x000001ca6aacde20 Exception <a 'java/lang/NoSuchMethodError'{0x000000008a04c0c0}: 'java.lang.Object java.lang.invoke.DirectMethodHandle$Holder.newInvokeSpecial(java.lang.Object, java.lang.Object, int, int, int, int, int, java.lang.Object)'> (0x000000008a04c0c0) 
thrown [t:\workspace\open\src\hotspot\share\interpreter\linkResolver.cpp, line 790]
Event: 2.270 Thread 0x000001ca6aacde20 Exception <a 'java/lang/NoSuchMethodError'{0x000000008a05fa80}: 'java.lang.Object java.lang.invoke.DirectMethodHandle$Holder.newInvokeSpecial(java.lang.Object, java.lang.Object, java.lang.Object, int, int, int, int, int)'> (0x000000008a05fa80) 
thrown [t:\workspace\open\src\hotspot\share\interpreter\linkResolver.cpp, line 790]
Event: 2.271 Thread 0x000001ca6aacde20 Exception <a 'java/lang/NoSuchMethodError'{0x000000008a0675f0}: 'java.lang.Object java.lang.invoke.Invokers$Holder.linkToTargetMethod(java.lang.Object, java.lang.Object, int, int, int, int, int, java.lang.Object)'> (0x000000008a0675f0) 
thrown [t:\workspace\open\src\hotspot\share\interpreter\linkResolver.cpp, line 790]
Event: 2.697 Thread 0x000001ca6aacde20 Exception <a 'sun/nio/fs/WindowsException'{0x000000008a0a43c8}> (0x000000008a0a43c8) 
thrown [t:\workspace\open\src\hotspot\share\prims\jni.cpp, line 579]
Event: 2.713 Thread 0x000001ca6aacde20 Exception <a 'java/lang/NoSuchMethodError'{0x0000000089fad198}: 'java.lang.Object java.lang.invoke.DirectMethodHandle$Holder.invokeInterface(java.lang.Object, java.lang.Object)'> (0x0000000089fad198) 
thrown [t:\workspace\open\src\hotspot\share\interpreter\linkResolver.cpp, line 790]
Event: 2.713 Thread 0x000001ca6aacde20 Exception <a 'sun/nio/fs/WindowsException'{0x0000000089fb5a78}> (0x0000000089fb5a78) 
thrown [t:\workspace\open\src\hotspot\share\prims\jni.cpp, line 579]
Event: 2.714 Thread 0x000001ca6aacde20 Exception <a 'sun/nio/fs/WindowsException'{0x0000000089fbaec0}> (0x0000000089fbaec0) 
thrown [t:\workspace\open\src\hotspot\share\prims\jni.cpp, line 579]
Event: 2.722 Thread 0x000001ca6aacde20 Exception <a 'sun/nio/fs/WindowsException'{0x0000000089e19ab0}> (0x0000000089e19ab0) 
thrown [t:\workspace\open\src\hotspot\share\prims\jni.cpp, line 579]
Event: 2.722 Thread 0x000001ca6aacde20 Exception <a 'sun/nio/fs/WindowsException'{0x0000000089e1f400}> (0x0000000089e1f400) 
thrown [t:\workspace\open\src\hotspot\share\prims\jni.cpp, line 579]
Event: 2.725 Thread 0x000001ca6aacde20 Exception <a 'java/lang/NoSuchMethodError'{0x0000000089e30138}: 'java.lang.Object java.lang.invoke.DirectMethodHandle$Holder.invokeVirtual(java.lang.Object, java.lang.Object, java.lang.Object)'> (0x0000000089e30138) 
thrown [t:\workspace\open\src\hotspot\share\interpreter\linkResolver.cpp, line 790]
Event: 2.816 Thread 0x000001ca6aacde20 Exception <a 'sun/nio/fs/WindowsException'{0x000000008998c730}> (0x000000008998c730) 
thrown [t:\workspace\open\src\hotspot\share\prims\jni.cpp, line 579]
Event: 2.844 Thread 0x000001ca6aacde20 Exception <a 'sun/nio/fs/WindowsException'{0x0000000089877d90}> (0x0000000089877d90) 
thrown [t:\workspace\open\src\hotspot\share\prims\jni.cpp, line 579]
Event: 2.848 Thread 0x000001ca6aacde20 Exception <a 'sun/nio/fs/WindowsException'{0x000000008988fdc0}> (0x000000008988fdc0) 
thrown [t:\workspace\open\src\hotspot\share\prims\jni.cpp, line 579]
Event: 2.852 Thread 0x000001ca6aacde20 Exception <a 'java/lang/NoSuchMethodError'{0x000000008989ee98}: 'int java.lang.invoke.DirectMethodHandle$Holder.invokeStatic(java.lang.Object, java.lang.Object, java.lang.Object, java.lang.Object)'> (0x000000008989ee98) 
thrown [t:\workspace\open\src\hotspot\share\interpreter\linkResolver.cpp, line 790]
Event: 2.852 Thread 0x000001ca6aacde20 Exception <a 'java/lang/NoSuchMethodError'{0x00000000898a2dc8}: 'int java.lang.invoke.DirectMethodHandle$Holder.invokeStaticInit(java.lang.Object, java.lang.Object, java.lang.Object, java.lang.Object)'> (0x00000000898a2dc8) 
thrown [t:\workspace\open\src\hotspot\share\interpreter\linkResolver.cpp, line 790]
Event: 2.853 Thread 0x000001ca6aacde20 Exception <a 'java/lang/IncompatibleClassChangeError'{0x00000000898aca08}: Found class java.lang.Object, but interface was expected> (0x00000000898aca08) 
thrown [t:\workspace\open\src\hotspot\share\interpreter\linkResolver.cpp, line 857]
Event: 2.891 Thread 0x000001ca6aacde20 Exception <a 'java/lang/NoSuchMethodError'{0x00000000896b4190}: 'java.lang.Object java.lang.invoke.DirectMethodHandle$Holder.invokeStaticInit(java.lang.Object, int, int, int, int)'> (0x00000000896b4190) 
thrown [t:\workspace\open\src\hotspot\share\interpreter\linkResolver.cpp, line 790]
Event: 2.923 Thread 0x000001ca6aacde20 Exception <a 'java/lang/NoSuchMethodError'{0x0000000089503160}: 'java.lang.Object java.lang.invoke.DirectMethodHandle$Holder.invokeStaticInit(java.lang.Object, java.lang.Object, int, int, int, int)'> (0x0000000089503160) 
thrown [t:\workspace\open\src\hotspot\share\interpreter\linkResolver.cpp, line 790]

Events (20 events):
Event: 3.988 loading class sun/reflect/generics/tree/Wildcard
Event: 3.988 loading class sun/reflect/generics/tree/Wildcard done
Event: 3.988 loading class sun/reflect/generics/reflectiveObjects/WildcardTypeImpl
Event: 3.989 loading class java/lang/reflect/WildcardType
Event: 3.989 loading class java/lang/reflect/WildcardType done
Event: 3.989 loading class sun/reflect/generics/reflectiveObjects/WildcardTypeImpl done
Event: 4.006 Thread 0x000001ca76b9f230 Thread added: 0x000001ca76b9f230
Event: 4.010 Thread 0x000001ca76b9c530 Thread added: 0x000001ca76b9c530
Event: 4.118 Executing  VM operation: ICBufferFull
Event: 4.118 Executing  VM operation: ICBufferFull done
Event: 4.494 Thread 0x000001ca76b9c530 Thread exited: 0x000001ca76b9c530
Event: 4.539 Thread 0x000001ca76b9f230 Thread exited: 0x000001ca76b9f230
Event: 6.006 loading class jdk/internal/misc/Signal$1
Event: 6.006 loading class jdk/internal/misc/Signal$1 done
Event: 6.006 Thread 0x000001ca6ceea850 Thread added: 0x000001ca6ceea850
Event: 6.007 Thread 0x000001ca6cee9310 Thread added: 0x000001ca6cee9310
Event: 6.007 Thread 0x000001ca6cee7330 Thread added: 0x000001ca6cee7330
Event: 6.007 Thread 0x000001ca6cee7330 Thread exited: 0x000001ca6cee7330
Event: 6.008 Thread 0x000001ca6cee9310 Thread exited: 0x000001ca6cee9310
Event: 6.008 Executing  VM operation: Exit


Dynamic libraries:
0x00007ff6dbec0000 - 0x00007ff6dbed0000 	C:\Program Files\Java\jdk-16.0.2\bin\java.exe
0x00007ff86efb0000 - 0x00007ff86f1a5000 	C:\WINDOWS\SYSTEM32\ntdll.dll
0x00007ff86d0c0000 - 0x00007ff86d17e000 	C:\WINDOWS\System32\KERNEL32.DLL
0x00007ff86cb20000 - 0x00007ff86cde8000 	C:\WINDOWS\System32\KERNELBASE.dll
0x00007ff86c9a0000 - 0x00007ff86caa0000 	C:\WINDOWS\System32\ucrtbase.dll
0x00007ff866e90000 - 0x00007ff866ea9000 	C:\Program Files\Java\jdk-16.0.2\bin\VCRUNTIME140.dll
0x00007ff867e10000 - 0x00007ff867e28000 	C:\Program Files\Java\jdk-16.0.2\bin\jli.dll
0x00007ff86da10000 - 0x00007ff86dabc000 	C:\WINDOWS\System32\ADVAPI32.dll
0x00007ff86e230000 - 0x00007ff86e2ce000 	C:\WINDOWS\System32\msvcrt.dll
0x00007ff86e8a0000 - 0x00007ff86e93b000 	C:\WINDOWS\System32\sechost.dll
0x00007ff86e560000 - 0x00007ff86e68a000 	C:\WINDOWS\System32\RPCRT4.dll
0x00007ff86e690000 - 0x00007ff86e831000 	C:\WINDOWS\System32\USER32.dll
0x00007ff84d1a0000 - 0x00007ff84d43a000 	C:\WINDOWS\WinSxS\amd64_microsoft.windows.common-controls_6595b64144ccf1df_6.0.19041.1110_none_60b5254171f9507e\COMCTL32.dll
0x00007ff86c760000 - 0x00007ff86c782000 	C:\WINDOWS\System32\win32u.dll
0x00007ff86ef40000 - 0x00007ff86ef6b000 	C:\WINDOWS\System32\GDI32.dll
0x00007ff86cdf0000 - 0x00007ff86cefb000 	C:\WINDOWS\System32\gdi32full.dll
0x00007ff86cf60000 - 0x00007ff86cffd000 	C:\WINDOWS\System32\msvcp_win.dll
0x00007ff865210000 - 0x00007ff86521a000 	C:\WINDOWS\SYSTEM32\VERSION.dll
0x00007ff86dac0000 - 0x00007ff86daf0000 	C:\WINDOWS\System32\IMM32.DLL
0x00007ff866e80000 - 0x00007ff866e8c000 	C:\Program Files\Java\jdk-16.0.2\bin\vcruntime140_1.dll
0x00007ff82e2e0000 - 0x00007ff82e371000 	C:\Program Files\Java\jdk-16.0.2\bin\msvcp140.dll
0x00007ffffae20000 - 0x00007ffffb9cb000 	C:\Program Files\Java\jdk-16.0.2\bin\server\jvm.dll
0x00007ff86ea30000 - 0x00007ff86ea38000 	C:\WINDOWS\System32\PSAPI.DLL
0x00007ff83e2e0000 - 0x00007ff83e2e9000 	C:\WINDOWS\SYSTEM32\WSOCK32.dll
0x00007ff85e960000 - 0x00007ff85e987000 	C:\WINDOWS\SYSTEM32\WINMM.dll
0x00007ff86e490000 - 0x00007ff86e4fb000 	C:\WINDOWS\System32\WS2_32.dll
0x00007ff86af50000 - 0x00007ff86af62000 	C:\WINDOWS\SYSTEM32\kernel.appcore.dll
0x00007ff864ae0000 - 0x00007ff864aea000 	C:\Program Files\Java\jdk-16.0.2\bin\jimage.dll
0x00007ff86a360000 - 0x00007ff86a544000 	C:\WINDOWS\SYSTEM32\DBGHELP.DLL
0x00007ff84bbe0000 - 0x00007ff84bc0c000 	C:\WINDOWS\SYSTEM32\dbgcore.DLL
0x00007ff86c6d0000 - 0x00007ff86c753000 	C:\WINDOWS\System32\bcryptPrimitives.dll
0x00007ff85eec0000 - 0x00007ff85eece000 	C:\Program Files\Java\jdk-16.0.2\bin\instrument.dll
0x00007ff83a850000 - 0x00007ff83a875000 	C:\Program Files\Java\jdk-16.0.2\bin\java.dll
0x00007ff86daf0000 - 0x00007ff86e22f000 	C:\WINDOWS\System32\SHELL32.dll
0x00007ff86a7b0000 - 0x00007ff86af40000 	C:\WINDOWS\SYSTEM32\windows.storage.dll
0x00007ff86d4b0000 - 0x00007ff86d805000 	C:\WINDOWS\System32\combase.dll
0x00007ff86c120000 - 0x00007ff86c14e000 	C:\WINDOWS\SYSTEM32\Wldp.dll
0x00007ff86e2d0000 - 0x00007ff86e37d000 	C:\WINDOWS\System32\SHCORE.dll
0x00007ff86e9d0000 - 0x00007ff86ea25000 	C:\WINDOWS\System32\shlwapi.dll
0x00007ff86c610000 - 0x00007ff86c62f000 	C:\WINDOWS\SYSTEM32\profapi.dll
0x00007ff85eea0000 - 0x00007ff85eeb9000 	C:\Program Files\Java\jdk-16.0.2\bin\net.dll
0x00007ff862050000 - 0x00007ff86215c000 	C:\WINDOWS\SYSTEM32\WINHTTP.dll
0x00007ff86be80000 - 0x00007ff86beea000 	C:\WINDOWS\system32\mswsock.dll
0x00007ff849090000 - 0x00007ff8490a3000 	C:\Program Files\Java\jdk-16.0.2\bin\nio.dll
0x00007ff83b070000 - 0x00007ff83b088000 	C:\Program Files\Java\jdk-16.0.2\bin\zip.dll
0x00007ff8391e0000 - 0x00007ff8391fa000 	C:\Program Files\JetBrains\IntelliJ IDEA Community Edition 2021.2\bin\breakgen64.dll
0x000001ca4ab70000 - 0x000001ca4ab73000 	C:\Users\shtri\.openjfx\cache\16\api-ms-win-core-console-l1-1-0.dll
0x000001ca4ab80000 - 0x000001ca4ab83000 	C:\Users\shtri\.openjfx\cache\16\api-ms-win-core-console-l1-2-0.dll
0x000001ca4ab90000 - 0x000001ca4ab93000 	C:\Users\shtri\.openjfx\cache\16\api-ms-win-core-datetime-l1-1-0.dll
0x000001ca4aba0000 - 0x000001ca4aba3000 	C:\Users\shtri\.openjfx\cache\16\api-ms-win-core-debug-l1-1-0.dll
0x000001ca4cb30000 - 0x000001ca4cb33000 	C:\Users\shtri\.openjfx\cache\16\api-ms-win-core-errorhandling-l1-1-0.dll
0x000001ca4cb40000 - 0x000001ca4cb44000 	C:\Users\shtri\.openjfx\cache\16\api-ms-win-core-file-l1-1-0.dll
0x000001ca4cb50000 - 0x000001ca4cb53000 	C:\Users\shtri\.openjfx\cache\16\api-ms-win-core-file-l1-2-0.dll
0x000001ca6ab60000 - 0x000001ca6ab63000 	C:\Users\shtri\.openjfx\cache\16\api-ms-win-core-file-l2-1-0.dll
0x000001ca6ab70000 - 0x000001ca6ab73000 	C:\Users\shtri\.openjfx\cache\16\api-ms-win-core-handle-l1-1-0.dll
0x000001ca6ab80000 - 0x000001ca6ab83000 	C:\Users\shtri\.openjfx\cache\16\api-ms-win-core-heap-l1-1-0.dll
0x000001ca6ab90000 - 0x000001ca6ab93000 	C:\Users\shtri\.openjfx\cache\16\api-ms-win-core-interlocked-l1-1-0.dll
0x000001ca6aba0000 - 0x000001ca6aba3000 	C:\Users\shtri\.openjfx\cache\16\api-ms-win-core-libraryloader-l1-1-0.dll
0x000001ca6abb0000 - 0x000001ca6abb3000 	C:\Users\shtri\.openjfx\cache\16\api-ms-win-core-localization-l1-2-0.dll
0x000001ca6abc0000 - 0x000001ca6abc3000 	C:\Users\shtri\.openjfx\cache\16\api-ms-win-core-memory-l1-1-0.dll
0x000001ca6abd0000 - 0x000001ca6abd3000 	C:\Users\shtri\.openjfx\cache\16\api-ms-win-core-namedpipe-l1-1-0.dll
0x000001ca6abe0000 - 0x000001ca6abe3000 	C:\Users\shtri\.openjfx\cache\16\api-ms-win-core-processenvironment-l1-1-0.dll
0x000001ca6abf0000 - 0x000001ca6abf3000 	C:\Users\shtri\.openjfx\cache\16\api-ms-win-core-processthreads-l1-1-0.dll
0x000001ca6c110000 - 0x000001ca6c113000 	C:\Users\shtri\.openjfx\cache\16\api-ms-win-core-processthreads-l1-1-1.dll
0x000001ca6c120000 - 0x000001ca6c123000 	C:\Users\shtri\.openjfx\cache\16\api-ms-win-core-profile-l1-1-0.dll
0x000001ca6c130000 - 0x000001ca6c133000 	C:\Users\shtri\.openjfx\cache\16\api-ms-win-core-rtlsupport-l1-1-0.dll
0x000001ca6c140000 - 0x000001ca6c143000 	C:\Users\shtri\.openjfx\cache\16\api-ms-win-core-string-l1-1-0.dll
0x000001ca6c150000 - 0x000001ca6c153000 	C:\Users\shtri\.openjfx\cache\16\api-ms-win-core-synch-l1-1-0.dll
0x000001ca6c160000 - 0x000001ca6c163000 	C:\Users\shtri\.openjfx\cache\16\api-ms-win-core-synch-l1-2-0.dll
0x000001ca6c170000 - 0x000001ca6c173000 	C:\Users\shtri\.openjfx\cache\16\api-ms-win-core-sysinfo-l1-1-0.dll
0x000001ca6c180000 - 0x000001ca6c183000 	C:\Users\shtri\.openjfx\cache\16\api-ms-win-core-timezone-l1-1-0.dll
0x000001ca6c190000 - 0x000001ca6c193000 	C:\Users\shtri\.openjfx\cache\16\api-ms-win-core-util-l1-1-0.dll
0x000001ca6c1a0000 - 0x000001ca6c1a3000 	C:\Users\shtri\.openjfx\cache\16\api-ms-win-crt-conio-l1-1-0.dll
0x000001ca6c1b0000 - 0x000001ca6c1b4000 	C:\Users\shtri\.openjfx\cache\16\api-ms-win-crt-convert-l1-1-0.dll
0x000001ca6c1c0000 - 0x000001ca6c1c3000 	C:\Users\shtri\.openjfx\cache\16\api-ms-win-crt-environment-l1-1-0.dll
0x000001ca6c1d0000 - 0x000001ca6c1d3000 	C:\Users\shtri\.openjfx\cache\16\api-ms-win-crt-filesystem-l1-1-0.dll
0x000001ca6c1e0000 - 0x000001ca6c1e3000 	C:\Users\shtri\.openjfx\cache\16\api-ms-win-crt-heap-l1-1-0.dll
0x000001ca6c1f0000 - 0x000001ca6c1f3000 	C:\Users\shtri\.openjfx\cache\16\api-ms-win-crt-locale-l1-1-0.dll
0x000001ca6c200000 - 0x000001ca6c205000 	C:\Users\shtri\.openjfx\cache\16\api-ms-win-crt-math-l1-1-0.dll
0x000001ca6c210000 - 0x000001ca6c215000 	C:\Users\shtri\.openjfx\cache\16\api-ms-win-crt-multibyte-l1-1-0.dll
0x000001ca6c220000 - 0x000001ca6c230000 	C:\Users\shtri\.openjfx\cache\16\api-ms-win-crt-private-l1-1-0.dll
0x000001ca6c230000 - 0x000001ca6c233000 	C:\Users\shtri\.openjfx\cache\16\api-ms-win-crt-process-l1-1-0.dll
0x000001ca6c240000 - 0x000001ca6c244000 	C:\Users\shtri\.openjfx\cache\16\api-ms-win-crt-runtime-l1-1-0.dll
0x000001ca6c250000 - 0x000001ca6c254000 	C:\Users\shtri\.openjfx\cache\16\api-ms-win-crt-stdio-l1-1-0.dll
0x000001ca6c260000 - 0x000001ca6c264000 	C:\Users\shtri\.openjfx\cache\16\api-ms-win-crt-string-l1-1-0.dll
0x000001ca6c270000 - 0x000001ca6c273000 	C:\Users\shtri\.openjfx\cache\16\api-ms-win-crt-time-l1-1-0.dll
0x000001ca6c280000 - 0x000001ca6c283000 	C:\Users\shtri\.openjfx\cache\16\api-ms-win-crt-utility-l1-1-0.dll
0x00007ff8076b0000 - 0x00007ff8077ac000 	C:\Users\shtri\.openjfx\cache\16\ucrtbase.dll
0x00007ff82e1b0000 - 0x00007ff82e1c9000 	C:\Users\shtri\.openjfx\cache\16\vcruntime140.dll
0x00007ff841940000 - 0x00007ff84194c000 	C:\Users\shtri\.openjfx\cache\16\vcruntime140_1.dll
0x00007ff808c30000 - 0x00007ff808cc1000 	C:\Users\shtri\.openjfx\cache\16\msvcp140.dll
0x00007ff827c50000 - 0x00007ff827c77000 	C:\Users\shtri\.openjfx\cache\16\prism_d3d.dll
0x00007ff85af70000 - 0x00007ff85b13e000 	C:\WINDOWS\system32\d3d9.dll
0x00007ff86a050000 - 0x00007ff86a07f000 	C:\WINDOWS\SYSTEM32\dwmapi.dll
0x00007ff869d50000 - 0x00007ff869dee000 	C:\WINDOWS\system32\uxtheme.dll
0x00007ff85ff70000 - 0x00007ff860076000 	C:\WINDOWS\System32\DriverStore\FileRepository\nvhmi.inf_amd64_2afc30ff4d07664b\nvldumdx.dll
0x00007ff86c2b0000 - 0x00007ff86c2c2000 	C:\WINDOWS\SYSTEM32\msasn1.dll
0x00007ff860220000 - 0x00007ff860251000 	C:\WINDOWS\SYSTEM32\cryptnet.dll
0x00007ff86c840000 - 0x00007ff86c996000 	C:\WINDOWS\System32\CRYPT32.dll
0x00007ff86c070000 - 0x00007ff86c07c000 	C:\WINDOWS\SYSTEM32\cryptbase.dll
0x00007ff86cf00000 - 0x00007ff86cf60000 	C:\WINDOWS\System32\WINTRUST.DLL
0x00007ff86e390000 - 0x00007ff86e3ad000 	C:\WINDOWS\System32\imagehlp.dll
0x00007ff86c080000 - 0x00007ff86c098000 	C:\WINDOWS\SYSTEM32\CRYPTSP.dll
0x00007ff86b790000 - 0x00007ff86b7c4000 	C:\WINDOWS\system32\rsaenh.dll
0x00007ff86caa0000 - 0x00007ff86cac7000 	C:\WINDOWS\System32\bcrypt.dll
0x00007ffff7060000 - 0x00007ffff890f000 	C:\WINDOWS\System32\DriverStore\FileRepository\nvhmi.inf_amd64_2afc30ff4d07664b\nvd3dumx.dll
0x00007ff812180000 - 0x00007ff8122e3000 	C:\WINDOWS\System32\DriverStore\FileRepository\iigd_dch.inf_amd64_d60a3faa7932ec00\igdumdim64.dll
0x00007fffe47a0000 - 0x00007fffe81e2000 	C:\WINDOWS\System32\DriverStore\FileRepository\iigd_dch.inf_amd64_d60a3faa7932ec00\igd9dxva64.dll
0x00007ff86d810000 - 0x00007ff86d93a000 	C:\WINDOWS\System32\ole32.dll
0x00007ff86d940000 - 0x00007ff86da0d000 	C:\WINDOWS\System32\OLEAUT32.dll
0x00007ff86eac0000 - 0x00007ff86ef32000 	C:\WINDOWS\System32\SETUPAPI.dll
0x00007ff86cad0000 - 0x00007ff86cb1e000 	C:\WINDOWS\System32\cfgmgr32.dll
0x00007ff85cad0000 - 0x00007ff85cd0f000 	C:\WINDOWS\System32\DriverStore\FileRepository\iigd_dch.inf_amd64_d60a3faa7932ec00\igdgmm64.dll
0x00007ff814590000 - 0x00007ff8145d2000 	C:\Users\shtri\.openjfx\cache\16\glass.dll
0x00007ff86e3b0000 - 0x00007ff86e48a000 	C:\WINDOWS\System32\COMDLG32.dll
0x00007ff86d390000 - 0x00007ff86d4a5000 	C:\WINDOWS\System32\MSCTF.dll
0x00007ff81c170000 - 0x00007ff81c433000 	C:\WINDOWS\system32\nvspcap64.dll
0x00007ff86b3c0000 - 0x00007ff86b3f3000 	C:\WINDOWS\SYSTEM32\ntmarta.dll
0x00007ff86af70000 - 0x00007ff86af93000 	C:\WINDOWS\SYSTEM32\gpapi.dll
0x00007ff860300000 - 0x00007ff86033b000 	C:\WINDOWS\SYSTEM32\dxcore.dll
0x00007ff82a8a0000 - 0x00007ff82a8b4000 	C:\Users\shtri\.openjfx\cache\16\javafx_font.dll
0x00007ff84e340000 - 0x00007ff84e5c3000 	C:\WINDOWS\SYSTEM32\dwrite.dll
0x00007ff86d000000 - 0x00007ff86d0a9000 	C:\WINDOWS\System32\clbcatq.dll
0x00007ff865a60000 - 0x00007ff865c14000 	C:\WINDOWS\SYSTEM32\WindowsCodecs.dll
0x00007ff830140000 - 0x00007ff83017e000 	C:\WINDOWS\system32\dataexchange.dll
0x00007ff868f80000 - 0x00007ff869165000 	C:\WINDOWS\system32\dcomp.dll
0x00007ff868750000 - 0x00007ff8689b4000 	C:\WINDOWS\system32\d3d11.dll
0x00007ff86afc0000 - 0x00007ff86b0b4000 	C:\WINDOWS\system32\dxgi.dll

dbghelp: loaded successfully - version: 4.0.5 - missing functions: none
symbol engine: initialized successfully - sym options: 0x614 - pdb path: .;C:\Program Files\Java\jdk-16.0.2\bin;C:\WINDOWS\SYSTEM32;C:\WINDOWS\WinSxS\amd64_microsoft.windows.common-controls_6595b64144ccf1df_6.0.19041.1110_none_60b5254171f9507e;C:\Program Files\Java\jdk-16.0.2\bin\server;C:\Program Files\JetBrains\IntelliJ IDEA Community Edition 2021.2\bin;C:\Users\shtri\.openjfx\cache\16;C:\WINDOWS\System32\DriverStore\FileRepository\nvhmi.inf_amd64_2afc30ff4d07664b;C:\WINDOWS\System32\DriverStore\FileRepository\iigd_dch.inf_amd64_d60a3faa7932ec00;C:\Program Files\Common Files\Microsoft Shared\Ink

VM Arguments:
jvm_args: -javaagent:C:\Program Files\JetBrains\IntelliJ IDEA Community Edition 2021.2\lib\idea_rt.jar=51858:C:\Program Files\JetBrains\IntelliJ IDEA Community Edition 2021.2\bin -Dfile.encoding=UTF-8 --module-path=C:\Users\shtri\IdeaProjects\demo2\target\classes;C:\Users\shtri\.m2\repository\org\openjfx\javafx-controls\16\javafx-controls-16-win.jar;C:\Users\shtri\.m2\repository\org\openjfx\javafx-base\16\javafx-base-16-win.jar;C:\Users\shtri\.m2\repository\org\openjfx\javafx-fxml\16\javafx-fxml-16-win.jar;C:\Users\shtri\.m2\repository\org\openjfx\javafx-graphics\16\javafx-graphics-16-win.jar -Djdk.module.main=com.example.demo2 
java_command: com.example.demo2/com.example.demo2.HelloApplication
java_class_path (initial): C:\Users\shtri\.m2\repository\org\openjfx\javafx-controls\16\javafx-controls-16.jar;C:\Users\shtri\.m2\repository\org\openjfx\javafx-graphics\16\javafx-graphics-16.jar;C:\Users\shtri\.m2\repository\org\openjfx\javafx-base\16\javafx-base-16.jar;C:\Users\shtri\.m2\repository\org\openjfx\javafx-fxml\16\javafx-fxml-16.jar;C:\Users\shtri\OneDrive\ \mysql-connector-java-8.0.27\mysql-connector-java-8.0.27.jar
Launcher Type: SUN_STANDARD

[Global flags]
     intx CICompilerCount                          = 4                                         {product} {ergonomic}
     uint ConcGCThreads                            = 2                                         {product} {ergonomic}
     uint G1ConcRefinementThreads                  = 8                                         {product} {ergonomic}
   size_t G1HeapRegionSize                         = 1048576                                   {product} {ergonomic}
    uintx GCDrainStackTargetSize                   = 64                                        {product} {ergonomic}
   size_t InitialHeapSize                          = 132120576                                 {product} {ergonomic}
   size_t MarkStackSize                            = 4194304                                   {product} {ergonomic}
   size_t MaxHeapSize                              = 2107637760                                {product} {ergonomic}
   size_t MaxNewSize                               = 1264582656                                {product} {ergonomic}
   size_t MinHeapDeltaBytes                        = 1048576                                   {product} {ergonomic}
   size_t MinHeapSize                              = 8388608                                   {product} {ergonomic}
    uintx NonNMethodCodeHeapSize                   = 5839372                                {pd product} {ergonomic}
    uintx NonProfiledCodeHeapSize                  = 122909434                              {pd product} {ergonomic}
    uintx ProfiledCodeHeapSize                     = 122909434                              {pd product} {ergonomic}
    uintx ReservedCodeCacheSize                    = 251658240                              {pd product} {ergonomic}
     bool SegmentedCodeCache                       = true                                      {product} {ergonomic}
   size_t SoftMaxHeapSize                          = 2107637760                             {manageable} {ergonomic}
     bool UseCompressedClassPointers               = true                           {product lp64_product} {ergonomic}
     bool UseCompressedOops                        = true                           {product lp64_product} {ergonomic}
     bool UseG1GC                                  = true                                      {product} {ergonomic}
     bool UseLargePagesIndividualAllocation        = false                                  {pd product} {ergonomic}

Logging:
Log output configuration:
 #0: stdout all=off uptime,level,tags
 #1: stderr all=off uptime,level,tags

Environment Variables:
PATH=C:\Program Files\Common Files\Oracle\Java\javapath;C:\Program Files (x86)\Common Files\Oracle\Java\javapath;C:\ProgramData\Oracle\Java\javapath;C:\WINDOWS\system32;C:\WINDOWS;C:\WINDOWS\System32\Wbem;C:\WINDOWS\System32\WindowsPowerShell\v1.0\;C:\WINDOWS\System32\OpenSSH\;C:\Program Files\NVIDIA Corporation\NVIDIA NvDLISR;C:\Program Files (x86)\NVIDIA Corporation\PhysX\Common;C:\WINDOWS\system32;C:\WINDOWS;C:\WINDOWS\System32\Wbem;C:\WINDOWS\System32\WindowsPowerShell\v1.0\;C:\WINDOWS\System32\OpenSSH\;C:\Program Files\Microsoft SQL Server\Client SDK\ODBC\170\Tools\Binn\;C:\Program Files (x86)\Microsoft SQL Server\150\Tools\Binn\;C:\Program Files\Microsoft SQL Server\150\Tools\Binn\;C:\Program Files\Microsoft SQL Server\150\DTS\Binn\;C:\Program Files (x86)\Microsoft SQL Server\150\DTS\Binn\;C:\Program Files\Azure Data Studio\bin;C:\Program Files\Git\cmd;C:\Users\shtri\AppData\Local\Microsoft\WindowsApps;;C:\Program Files\JetBrains\IntelliJ IDEA Community Edition 2021.2\bin;;C:\Program Files\JetBrains\PyCharm 2021.2.1\bin;;C:\Program Files\Azure Data Studio\bin
USERNAME=shtri
OS=Windows_NT
PROCESSOR_IDENTIFIER=Intel64 Family 6 Model 158 Stepping 10, GenuineIntel



---------------  S Y S T E M  ---------------

OS:
 Windows 10 , 64 bit Build 19041 (10.0.19041.1348)
OS uptime: 10 days 7:42 hours

CPU: total 8 (initial active 8) (4 cores per cpu, 2 threads per core) family 6 model 158 stepping 10 microcode 0xd6, cx8, cmov, fxsr, ht, mmx, 3dnowpref, sse, sse2, sse3, ssse3, sse4.1, sse4.2, popcnt, lzcnt, tsc, tscinvbit, avx, avx2, aes, erms, clmul, bmi1, bmi2, adx, fma, vzeroupper, clflush, clflushopt

Memory: 4k page, system-wide physical 8033M (940M free)
TotalPageFile size 23006M (AvailPageFile size 2664M)
current process WorkingSet (physical memory assigned to process): 134M, peak: 154M
current process commit charge ("private bytes"): 220M, peak: 305M

vm_info: Java HotSpot(TM) 64-Bit Server VM (16.0.2+7-67) for windows-amd64 JRE (16.0.2+7-67), built on Jun  8 2021 23:24:19 by "mach5one" with MS VC++ 16.7 (VS2019)

END.
